生成启动时间为 2019/6/5 9:08:02。
     1>项目“E:\712雷达\712相关文件\712生产版源码\自动脉宽修正软件\（v8不连续）LaseAutoCorrect-20190604Use txt_MK 间隔包数5 显示信息优化\（v8不连续）LaseAutoCorrect-20190404\LaseAutoCorrect\LaseAutoCorrect.vcxproj”在节点 2 上(Rebuild 个目标)。
     1>ClCompile:
         d:\Program Files (x86)\Microsoft Visual Studio 10.0\VC\bin\CL.exe /c /Zi /nologo /W3 /WX- /O2 /Oy- /GL /D WIN32 /D _WINDOWS /D NDEBUG /D _MBCS /Gm- /EHsc /MT /GS /Gy /fp:precise /Zc:wchar_t /Zc:forScope /Yc"StdAfx.h" /Fp"Release\LaseAutoCorrect.pch" /Fo"Release\\" /Fd"Release\vc100.pdb" /Gd /TP /analyze- /errorReport:prompt stdafx.cpp
         stdafx.cpp
         d:\Program Files (x86)\Microsoft Visual Studio 10.0\VC\bin\CL.exe /c /Zi /nologo /W3 /WX- /O2 /Oy- /GL /D WIN32 /D _WINDOWS /D NDEBUG /D _MBCS /Gm- /EHsc /MT /GS /Gy /fp:precise /Zc:wchar_t /Zc:forScope /Yu"StdAfx.h" /Fp"Release\LaseAutoCorrect.pch" /Fo"Release\\" /Fd"Release\vc100.pdb" /Gd /TP /analyze- /errorReport:prompt CRC16.cpp FitInter.cpp Interp.cpp LaseAutoCorrect.cpp LaseAutoCorrectDlg.cpp PID.cpp RealDisplay.cpp Utils\File\CDMLogInfo.cpp Utils\NetWork\NetworkUtils.cpp Utils\SerialPort\SerialUtils.cpp Utils\TeeChart\adxfunction.cpp Utils\TeeChart\amountfilter.cpp Utils\TeeChart\annotationcallout.cpp Utils\TeeChart\annotationtool.cpp Utils\TeeChart\antialiastool.cpp Utils\TeeChart\areaseries.cpp Utils\TeeChart\arrowseries.cpp Utils\TeeChart\aspect.cpp Utils\TeeChart\averagefunction.cpp Utils\TeeChart\axes.cpp Utils\TeeChart\axis.cpp Utils\TeeChart\axisarrowtool.cpp Utils\TeeChart\axisgridpen.cpp Utils\TeeChart\axislabels.cpp Utils\TeeChart\axislabelsitem.cpp Utils\TeeChart\axisscrolltool.cpp Utils\TeeChart\axistitle.cpp Utils\TeeChart\backimage.cpp Utils\TeeChart\bannertool.cpp Utils\TeeChart\bar3dseries.cpp Utils\TeeChart\barjoinseries.cpp Utils\TeeChart\barseries.cpp Utils\TeeChart\bevelfilter.cpp Utils\TeeChart\bezierseries.cpp Utils\TeeChart\blurfilter.cpp Utils\TeeChart\bmpexport.cpp Utils\TeeChart\bollingerfunction.cpp Utils\TeeChart\boxplotseries.cpp Utils\TeeChart\brightnessfilter.cpp Utils\TeeChart\brush.cpp Utils\TeeChart\bubble3dseries.cpp Utils\TeeChart\bubbleseries.cpp Utils\TeeChart\calendarcell.cpp Utils\TeeChart\calendarcellupper.cpp Utils\TeeChart\calendarseries.cpp Utils\TeeChart\candleseries.cpp Utils\TeeChart\canvas.cpp Utils\TeeChart\ccifunction.cpp Utils\TeeChart\chartaxispen.cpp Utils\TeeChart\chartfont.cpp Utils\TeeChart\charthiddenpen.cpp Utils\TeeChart\chartimagetool.cpp Utils\TeeChart\circlelabels.cpp Utils\TeeChart\circulargauge.cpp Utils\TeeChart\clipseriestool.cpp Utils\TeeChart\clockseries.cpp Utils\TeeChart\clvfunction.cpp Utils\TeeChart\colorbandtool.cpp Utils\TeeChart\colorfilter.cpp Utils\TeeChart\colorgridseries.cpp Utils\TeeChart\colorlinetool.cpp Utils\TeeChart\compressfunction.cpp Utils\TeeChart\contourlevel.cpp Utils\TeeChart\contourlevels.cpp Utils\TeeChart\contourmarks.cpp Utils\TeeChart\contourseries.cpp Utils\TeeChart\contrastfilter.cpp Utils\TeeChart\cropfilter.cpp Utils\TeeChart\cursortool.cpp Utils\TeeChart\curvefittingfunction.cpp Utils\TeeChart\custom3dpaletteseries.cpp Utils\TeeChart\customfunction.cpp Utils\TeeChart\customserieslist.cpp Utils\TeeChart\darvasseries.cpp Utils\TeeChart\datatabletool.cpp Utils\TeeChart\deltapointseries.cpp Utils\TeeChart\donutseries.cpp Utils\TeeChart\downsamplingfunction.cpp Utils\TeeChart\dragmarkstool.cpp Utils\TeeChart\dragpointtool.cpp Utils\TeeChart\drawline.cpp Utils\TeeChart\drawlinelist.cpp Utils\TeeChart\drawlinetool.cpp Utils\TeeChart\embossfilter.cpp Utils\TeeChart\environment.cpp Utils\TeeChart\epsexport.cpp Utils\TeeChart\errorbarseries.cpp Utils\TeeChart\errorseries.cpp Utils\TeeChart\expavgfunction.cpp Utils\TeeChart\explodedslices.cpp Utils\TeeChart\expmovavgfunction.cpp Utils\TeeChart\export.cpp Utils\TeeChart\extralegendtool.cpp Utils\TeeChart\fadertool.cpp Utils\TeeChart\fastlineseries.cpp Utils\TeeChart\fibonacciitem.cpp Utils\TeeChart\fibonaccilevels.cpp Utils\TeeChart\fibonaccitool.cpp Utils\TeeChart\filteritems.cpp Utils\TeeChart\filterregion.cpp Utils\TeeChart\floatxyz.cpp Utils\TeeChart\framebrush.cpp Utils\TeeChart\framedborder.cpp Utils\TeeChart\frametool.cpp Utils\TeeChart\fullscreentool.cpp Utils\TeeChart\funnelseries.cpp Utils\TeeChart\gammacorrectionfilter.cpp Utils\TeeChart\ganttseries.cpp Utils\TeeChart\gantttool.cpp Utils\TeeChart\gaugepointerrange.cpp Utils\TeeChart\gaugeseries.cpp Utils\TeeChart\gaugeseriespointer.cpp Utils\TeeChart\gifexport.cpp Utils\TeeChart\gllightsource.cpp Utils\TeeChart\glposition.cpp Utils\TeeChart\gradient.cpp Utils\TeeChart\grayscalefilter.cpp Utils\TeeChart\gridbandbrush.cpp Utils\TeeChart\gridbandtool.cpp Utils\TeeChart\gridtransposetool.cpp Utils\TeeChart\highlowlineseries.cpp Utils\TeeChart\highlowseries.cpp Utils\TeeChart\histogramfunction.cpp Utils\TeeChart\histogramseries.cpp Utils\TeeChart\horizareaseries.cpp Utils\TeeChart\horizbarseries.cpp Utils\TeeChart\horizboxplotseries.cpp Utils\TeeChart\horizhistogramseries.cpp Utils\TeeChart\horizlineseries.cpp Utils\TeeChart\htmlexport.cpp Utils\TeeChart\huelumsatfilter.cpp Utils\TeeChart\imagebarseries.cpp Utils\TeeChart\imagepointseries.cpp Utils\TeeChart\import.cpp Utils\TeeChart\isosurfaceseries.cpp Utils\TeeChart\jpegexport.cpp Utils\TeeChart\kagiseries.cpp Utils\TeeChart\legend.cpp Utils\TeeChart\legenditem.cpp Utils\TeeChart\legenditems.cpp Utils\TeeChart\legendpalettetool.cpp Utils\TeeChart\legendscrollbartool.cpp Utils\TeeChart\legendsymbol.cpp Utils\TeeChart\legendtitle.cpp Utils\TeeChart\levelsegment.cpp Utils\TeeChart\lighttool.cpp Utils\TeeChart\lineargauge.cpp Utils\TeeChart\lineseries.cpp Utils\TeeChart\linktool.cpp Utils\TeeChart\macdfunction.cpp Utils\TeeChart\magnifytool.cpp Utils\TeeChart\mappolygon.cpp Utils\TeeChart\mappolygonlist.cpp Utils\TeeChart\mapseries.cpp Utils\TeeChart\margins.cpp Utils\TeeChart\marks.cpp Utils\TeeChart\markscallout.cpp Utils\TeeChart\marksitem.cpp Utils\TeeChart\markssymbol.cpp Utils\TeeChart\markstiptool.cpp Utils\TeeChart\medianfunction.cpp Utils\TeeChart\metafileexport.cpp Utils\TeeChart\mirrorfilter.cpp Utils\TeeChart\modefunction.cpp Utils\TeeChart\mosaicfilter.cpp Utils\TeeChart\movingavgfunction.cpp Utils\TeeChart\nativeexport.cpp Utils\TeeChart\nearesttool.cpp Utils\TeeChart\numericgauge.cpp Utils\TeeChart\numericmarker.cpp Utils\TeeChart\obvfunction.cpp Utils\TeeChart\orgitem.cpp Utils\TeeChart\orgitemcollection.cpp Utils\TeeChart\orgseries.cpp Utils\TeeChart\orgshape.cpp Utils\TeeChart\page.cpp Utils\TeeChart\pagenumtool.cpp Utils\TeeChart\panel.cpp Utils\TeeChart\pcxexport.cpp Utils\TeeChart\pdfexport.cpp Utils\TeeChart\pen.cpp Utils\TeeChart\performancefunction.cpp Utils\TeeChart\piemarks.cpp Utils\TeeChart\pieotherslice.cpp Utils\TeeChart\pieseries.cpp Utils\TeeChart\pietool.cpp Utils\TeeChart\pngexport.cpp Utils\TeeChart\point3dseries.cpp Utils\TeeChart\pointarray.cpp Utils\TeeChart\pointer.cpp Utils\TeeChart\pointfigureseries.cpp Utils\TeeChart\pointseries.cpp Utils\TeeChart\polarbarseries.cpp Utils\TeeChart\polargridseries.cpp Utils\TeeChart\polarseries.cpp Utils\TeeChart\printer.cpp Utils\TeeChart\printersettings.cpp Utils\TeeChart\pvofunction.cpp Utils\TeeChart\pyramidseries.cpp Utils\TeeChart\radarseries.cpp Utils\TeeChart\rectangletool.cpp Utils\TeeChart\renkoseries.cpp Utils\TeeChart\resizefilter.cpp Utils\TeeChart\rmsfunction.cpp Utils\TeeChart\rotatefilter.cpp Utils\TeeChart\rotatetool.cpp Utils\TeeChart\rsifunction.cpp Utils\TeeChart\sarfunction.cpp Utils\TeeChart\scroll.cpp Utils\TeeChart\scrollbarthumb.cpp Utils\TeeChart\selectortool.cpp Utils\TeeChart\series.cpp Utils\TeeChart\seriesanimationtool.cpp Utils\TeeChart\seriesbandtool.cpp Utils\TeeChart\seriesgroup.cpp Utils\TeeChart\seriesgroups.cpp Utils\TeeChart\serieslist.cpp Utils\TeeChart\seriesmarkposition.cpp Utils\TeeChart\seriesmarkspositions.cpp Utils\TeeChart\seriesregiontool.cpp Utils\TeeChart\seriesstatstool.cpp Utils\TeeChart\shapeseries.cpp Utils\TeeChart\sharpenfilter.cpp Utils\TeeChart\smithseries.cpp Utils\TeeChart\smoothingfunction.cpp Utils\TeeChart\smoothpoints.cpp Utils\TeeChart\softenfilter.cpp Utils\TeeChart\spacing.cpp Utils\TeeChart\stddeviationfunction.cpp Utils\TeeChart\strings.cpp Utils\TeeChart\subgradient.cpp Utils\TeeChart\subsetteefunction.cpp Utils\TeeChart\surfacenearesttool.cpp Utils\TeeChart\surfaceseries.cpp Utils\TeeChart\surfacesides.cpp Utils\TeeChart\svgexport.cpp Utils\TeeChart\tablelegend.cpp Utils\TeeChart\tagcloudseries.cpp Utils\TeeChart\tchart.cpp Utils\TeeChart\teecustomshape.cpp Utils\TeeChart\teefilter.cpp Utils\TeeChart\teefont.cpp Utils\TeeChart\teefunction.cpp Utils\TeeChart\teeopengl.cpp Utils\TeeChart\teepicture.cpp Utils\TeeChart\teepoint2d.cpp Utils\TeeChart\teepoint3d.cpp Utils\TeeChart\teerect.cpp Utils\TeeChart\teeshadow.cpp Utils\TeeChart\teeshape.cpp Utils\TeeChart\teeshapepanel.cpp Utils\TeeChart\text3dtool.cpp Utils\TeeChart\textexport.cpp Utils\TeeChart\tilefilter.cpp Utils\TeeChart\titles.cpp Utils\TeeChart\toollist.cpp Utils\TeeChart\tools.cpp Utils\TeeChart\towerseries.cpp Utils\TeeChart\transposeseriestool.cpp Utils\TeeChart\trendfunction.cpp Utils\TeeChart\trisurfaceseries.cpp Utils\TeeChart\valuelist.cpp Utils\TeeChart\valuelists.cpp Utils\TeeChart\vector3dseries.cpp Utils\TeeChart\videoplayertool.cpp Utils\TeeChart\videotool.cpp Utils\TeeChart\volumepipeseries.cpp Utils\TeeChart\volumeseries.cpp Utils\TeeChart\wall.cpp Utils\TeeChart\walls.cpp Utils\TeeChart\waterfallseries.cpp Utils\TeeChart\windroseseries.cpp Utils\TeeChart\worldseries.cpp Utils\TeeChart\xamlexport.cpp Utils\TeeChart\xlsexport.cpp Utils\TeeChart\xmlexport.cpp Utils\TeeChart\zoom.cpp Utils\TeeChart\zoomfilter.cpp
         CRC16.cpp
         FitInter.cpp
         Interp.cpp
         LaseAutoCorrect.cpp
         LaseAutoCorrectDlg.cpp
     1>e:\712雷达\712相关文件\712生产版源码\自动脉宽修正软件\（v8不连续）laseautocorrect-20190604use txt_mk 间隔包数5 显示信息优化\（v8不连续）laseautocorrect-20190404\laseautocorrect\PID.h(18): warning C4005: “max”: 宏重定义
                 C:\Program Files (x86)\Microsoft SDKs\Windows\v7.0A\include\windef.h(190) : 参见“max”的前一个定义
     1>e:\712雷达\712相关文件\712生产版源码\自动脉宽修正软件\（v8不连续）laseautocorrect-20190604use txt_mk 间隔包数5 显示信息优化\（v8不连续）laseautocorrect-20190404\laseautocorrect\PID.h(19): warning C4005: “min”: 宏重定义
                 C:\Program Files (x86)\Microsoft SDKs\Windows\v7.0A\include\windef.h(194) : 参见“min”的前一个定义
     1>LaseAutoCorrectDlg.cpp(220): warning C4309: “初始化”: 截断常量值
     1>LaseAutoCorrectDlg.cpp(220): warning C4309: “初始化”: 截断常量值
     1>LaseAutoCorrectDlg.cpp(3553): warning C4018: “<”: 有符号/无符号不匹配
     1>LaseAutoCorrectDlg.cpp(3697): warning C4018: “>=”: 有符号/无符号不匹配
     1>LaseAutoCorrectDlg.cpp(3708): warning C4018: “>”: 有符号/无符号不匹配
     1>LaseAutoCorrectDlg.cpp(3743): warning C4018: “>=”: 有符号/无符号不匹配
     1>LaseAutoCorrectDlg.cpp(3754): warning C4018: “>”: 有符号/无符号不匹配
     1>LaseAutoCorrectDlg.cpp(3779): warning C4146: 一元负运算符应用于无符号类型，结果仍为无符号类型
     1>LaseAutoCorrectDlg.cpp(4232): warning C4305: “=”: 从“double”到“float”截断
     1>LaseAutoCorrectDlg.cpp(4233): warning C4305: “=”: 从“double”到“float”截断
     1>LaseAutoCorrectDlg.cpp(4234): warning C4305: “=”: 从“double”到“float”截断
     1>LaseAutoCorrectDlg.cpp(4236): warning C4244: “=”: 从“int”转换到“float”，可能丢失数据
     1>LaseAutoCorrectDlg.cpp(4356): warning C4244: “=”: 从“LONGLONG”转换到“int”，可能丢失数据
     1>LaseAutoCorrectDlg.cpp(4690): warning C4309: “初始化”: 截断常量值
     1>LaseAutoCorrectDlg.cpp(4690): warning C4309: “初始化”: 截断常量值
     1>LaseAutoCorrectDlg.cpp(4714): warning C4309: “初始化”: 截断常量值
     1>LaseAutoCorrectDlg.cpp(4714): warning C4309: “初始化”: 截断常量值
     1>LaseAutoCorrectDlg.cpp(4757): warning C4309: “初始化”: 截断常量值
     1>LaseAutoCorrectDlg.cpp(4757): warning C4309: “初始化”: 截断常量值
     1>LaseAutoCorrectDlg.cpp(4775): warning C4309: “初始化”: 截断常量值
     1>LaseAutoCorrectDlg.cpp(4775): warning C4309: “初始化”: 截断常量值
     1>LaseAutoCorrectDlg.cpp(4812): warning C4309: “初始化”: 截断常量值
     1>LaseAutoCorrectDlg.cpp(4812): warning C4309: “初始化”: 截断常量值
     1>LaseAutoCorrectDlg.cpp(4857): warning C4309: “初始化”: 截断常量值
     1>LaseAutoCorrectDlg.cpp(4857): warning C4309: “初始化”: 截断常量值
     1>LaseAutoCorrectDlg.cpp(4904): warning C4309: “初始化”: 截断常量值
     1>LaseAutoCorrectDlg.cpp(4904): warning C4309: “初始化”: 截断常量值
     1>LaseAutoCorrectDlg.cpp(4971): warning C4309: “初始化”: 截断常量值
     1>LaseAutoCorrectDlg.cpp(4971): warning C4309: “初始化”: 截断常量值
     1>LaseAutoCorrectDlg.cpp(4971): warning C4309: “初始化”: 截断常量值
     1>LaseAutoCorrectDlg.cpp(4971): warning C4309: “初始化”: 截断常量值
     1>LaseAutoCorrectDlg.cpp(4991): warning C4309: “初始化”: 截断常量值
     1>LaseAutoCorrectDlg.cpp(4991): warning C4309: “初始化”: 截断常量值
     1>LaseAutoCorrectDlg.cpp(4991): warning C4309: “初始化”: 截断常量值
     1>LaseAutoCorrectDlg.cpp(4991): warning C4309: “初始化”: 截断常量值
     1>LaseAutoCorrectDlg.cpp(5001): warning C4309: “初始化”: 截断常量值
     1>LaseAutoCorrectDlg.cpp(5001): warning C4309: “初始化”: 截断常量值
     1>LaseAutoCorrectDlg.cpp(5001): warning C4309: “初始化”: 截断常量值
     1>LaseAutoCorrectDlg.cpp(5001): warning C4309: “初始化”: 截断常量值
     1>LaseAutoCorrectDlg.cpp(5022): warning C4309: “初始化”: 截断常量值
     1>LaseAutoCorrectDlg.cpp(5022): warning C4309: “初始化”: 截断常量值
     1>LaseAutoCorrectDlg.cpp(5022): warning C4309: “初始化”: 截断常量值
     1>LaseAutoCorrectDlg.cpp(5022): warning C4309: “初始化”: 截断常量值
     1>LaseAutoCorrectDlg.cpp(5680): warning C4244: “=”: 从“short”转换到“char”，可能丢失数据
     1>LaseAutoCorrectDlg.cpp(5836): warning C4101: “dlen”: 未引用的局部变量
     1>LaseAutoCorrectDlg.cpp(6108): warning C4018: “>”: 有符号/无符号不匹配
     1>LaseAutoCorrectDlg.cpp(6160): warning C4244: “=”: 从“int”转换到“float”，可能丢失数据
     1>LaseAutoCorrectDlg.cpp(6431): warning C4309: “初始化”: 截断常量值
     1>LaseAutoCorrectDlg.cpp(6496): warning C4309: “初始化”: 截断常量值
     1>LaseAutoCorrectDlg.cpp(6496): warning C4309: “初始化”: 截断常量值
     1>LaseAutoCorrectDlg.cpp(6648): warning C4309: “初始化”: 截断常量值
     1>LaseAutoCorrectDlg.cpp(6648): warning C4309: “初始化”: 截断常量值
     1>LaseAutoCorrectDlg.cpp(6668): warning C4309: “初始化”: 截断常量值
     1>LaseAutoCorrectDlg.cpp(6668): warning C4309: “初始化”: 截断常量值
     1>LaseAutoCorrectDlg.cpp(6668): warning C4309: “初始化”: 截断常量值
     1>LaseAutoCorrectDlg.cpp(6668): warning C4309: “初始化”: 截断常量值
     1>LaseAutoCorrectDlg.cpp(6962): warning C4018: “<”: 有符号/无符号不匹配
     1>LaseAutoCorrectDlg.cpp(7283): warning C4244: “=”: 从“double”转换到“float”，可能丢失数据
     1>LaseAutoCorrectDlg.cpp(7405): warning C4101: “e”: 未引用的局部变量
     1>LaseAutoCorrectDlg.cpp(7635): warning C4996: 'strcat': This function or variable may be unsafe. Consider using strcat_s instead. To disable deprecation, use _CRT_SECURE_NO_WARNINGS. See online help for details.
                 d:\Program Files (x86)\Microsoft Visual Studio 10.0\VC\include\string.h(110) : 参见“strcat”的声明
         PID.cpp
     1>e:\712雷达\712相关文件\712生产版源码\自动脉宽修正软件\（v8不连续）laseautocorrect-20190604use txt_mk 间隔包数5 显示信息优化\（v8不连续）laseautocorrect-20190404\laseautocorrect\PID.h(18): warning C4005: “max”: 宏重定义
                 C:\Program Files (x86)\Microsoft SDKs\Windows\v7.0A\include\windef.h(190) : 参见“max”的前一个定义
     1>e:\712雷达\712相关文件\712生产版源码\自动脉宽修正软件\（v8不连续）laseautocorrect-20190604use txt_mk 间隔包数5 显示信息优化\（v8不连续）laseautocorrect-20190404\laseautocorrect\PID.h(19): warning C4005: “min”: 宏重定义
                 C:\Program Files (x86)\Microsoft SDKs\Windows\v7.0A\include\windef.h(194) : 参见“min”的前一个定义
         RealDisplay.cpp
         CDMLogInfo.cpp
     1>Utils\File\CDMLogInfo.cpp(44): warning C4996: 'fopen': This function or variable may be unsafe. Consider using fopen_s instead. To disable deprecation, use _CRT_SECURE_NO_WARNINGS. See online help for details.
                 d:\Program Files (x86)\Microsoft Visual Studio 10.0\VC\include\stdio.h(234) : 参见“fopen”的声明
         NetworkUtils.cpp
     1>Utils\NetWork\NetworkUtils.cpp(138): warning C4018: “<”: 有符号/无符号不匹配
     1>Utils\NetWork\NetworkUtils.cpp(53): warning C4101: “acRecvDataBuftmp”: 未引用的局部变量
     1>Utils\NetWork\NetworkUtils.cpp(572): warning C4309: “=”: 截断常量值
     1>Utils\NetWork\NetworkUtils.cpp(573): warning C4309: “=”: 截断常量值
     1>Utils\NetWork\NetworkUtils.cpp(561): warning C4101: “len”: 未引用的局部变量
         SerialUtils.cpp
     1>Utils\SerialPort\SerialUtils.cpp(253): warning C4018: “<”: 有符号/无符号不匹配
         adxfunction.cpp
         amountfilter.cpp
         annotationcallout.cpp
         annotationtool.cpp
         antialiastool.cpp
         areaseries.cpp
         arrowseries.cpp
         aspect.cpp
         averagefunction.cpp
         axes.cpp
         正在编译...
         axis.cpp
         axisarrowtool.cpp
         axisgridpen.cpp
         axislabels.cpp
         axislabelsitem.cpp
         axisscrolltool.cpp
         axistitle.cpp
         backimage.cpp
         bannertool.cpp
         bar3dseries.cpp
         barjoinseries.cpp
         barseries.cpp
         bevelfilter.cpp
         bezierseries.cpp
         blurfilter.cpp
         bmpexport.cpp
         bollingerfunction.cpp
         boxplotseries.cpp
         brightnessfilter.cpp
         brush.cpp
         正在编译...
         bubble3dseries.cpp
         bubbleseries.cpp
         calendarcell.cpp
         calendarcellupper.cpp
         calendarseries.cpp
         candleseries.cpp
         canvas.cpp
         ccifunction.cpp
         chartaxispen.cpp
         chartfont.cpp
         charthiddenpen.cpp
         chartimagetool.cpp
         circlelabels.cpp
         circulargauge.cpp
         clipseriestool.cpp
         clockseries.cpp
         clvfunction.cpp
         colorbandtool.cpp
         colorfilter.cpp
         colorgridseries.cpp
         正在编译...
         colorlinetool.cpp
         compressfunction.cpp
         contourlevel.cpp
         contourlevels.cpp
         contourmarks.cpp
         contourseries.cpp
         contrastfilter.cpp
         cropfilter.cpp
         cursortool.cpp
         curvefittingfunction.cpp
         custom3dpaletteseries.cpp
         customfunction.cpp
         customserieslist.cpp
         darvasseries.cpp
         datatabletool.cpp
         deltapointseries.cpp
         donutseries.cpp
         downsamplingfunction.cpp
         dragmarkstool.cpp
         dragpointtool.cpp
         正在编译...
         drawline.cpp
         drawlinelist.cpp
         drawlinetool.cpp
         embossfilter.cpp
         environment.cpp
         epsexport.cpp
         errorbarseries.cpp
         errorseries.cpp
         expavgfunction.cpp
         explodedslices.cpp
         expmovavgfunction.cpp
         export.cpp
         extralegendtool.cpp
         fadertool.cpp
         fastlineseries.cpp
         fibonacciitem.cpp
         fibonaccilevels.cpp
         fibonaccitool.cpp
         filteritems.cpp
         filterregion.cpp
         正在编译...
         floatxyz.cpp
         framebrush.cpp
         framedborder.cpp
         frametool.cpp
         fullscreentool.cpp
         funnelseries.cpp
         gammacorrectionfilter.cpp
         ganttseries.cpp
         gantttool.cpp
         gaugepointerrange.cpp
         gaugeseries.cpp
         gaugeseriespointer.cpp
         gifexport.cpp
         gllightsource.cpp
         glposition.cpp
         gradient.cpp
         grayscalefilter.cpp
         gridbandbrush.cpp
         gridbandtool.cpp
         gridtransposetool.cpp
         正在编译...
         highlowlineseries.cpp
         highlowseries.cpp
         histogramfunction.cpp
         histogramseries.cpp
         horizareaseries.cpp
         horizbarseries.cpp
         horizboxplotseries.cpp
         horizhistogramseries.cpp
         horizlineseries.cpp
         htmlexport.cpp
         huelumsatfilter.cpp
         imagebarseries.cpp
         imagepointseries.cpp
         import.cpp
         isosurfaceseries.cpp
         jpegexport.cpp
         kagiseries.cpp
         legend.cpp
         legenditem.cpp
         legenditems.cpp
         正在编译...
         legendpalettetool.cpp
         legendscrollbartool.cpp
         legendsymbol.cpp
         legendtitle.cpp
         levelsegment.cpp
         lighttool.cpp
         lineargauge.cpp
         lineseries.cpp
         linktool.cpp
         macdfunction.cpp
         magnifytool.cpp
         mappolygon.cpp
         mappolygonlist.cpp
         mapseries.cpp
         margins.cpp
         marks.cpp
         markscallout.cpp
         marksitem.cpp
         markssymbol.cpp
         markstiptool.cpp
         正在编译...
         medianfunction.cpp
         metafileexport.cpp
         mirrorfilter.cpp
         modefunction.cpp
         mosaicfilter.cpp
         movingavgfunction.cpp
         nativeexport.cpp
         nearesttool.cpp
         numericgauge.cpp
         numericmarker.cpp
         obvfunction.cpp
         orgitem.cpp
         orgitemcollection.cpp
         orgseries.cpp
         orgshape.cpp
         page.cpp
         pagenumtool.cpp
         panel.cpp
         pcxexport.cpp
         pdfexport.cpp
         正在编译...
         pen.cpp
         performancefunction.cpp
         piemarks.cpp
         pieotherslice.cpp
         pieseries.cpp
         pietool.cpp
         pngexport.cpp
         point3dseries.cpp
         pointarray.cpp
         pointer.cpp
         pointfigureseries.cpp
         pointseries.cpp
         polarbarseries.cpp
         polargridseries.cpp
         polarseries.cpp
         printer.cpp
         printersettings.cpp
         pvofunction.cpp
         pyramidseries.cpp
         radarseries.cpp
         正在编译...
         rectangletool.cpp
         renkoseries.cpp
         resizefilter.cpp
         rmsfunction.cpp
         rotatefilter.cpp
         rotatetool.cpp
         rsifunction.cpp
         sarfunction.cpp
         scroll.cpp
         scrollbarthumb.cpp
         selectortool.cpp
         series.cpp
         seriesanimationtool.cpp
         seriesbandtool.cpp
         seriesgroup.cpp
         seriesgroups.cpp
         serieslist.cpp
         seriesmarkposition.cpp
         seriesmarkspositions.cpp
         seriesregiontool.cpp
         正在编译...
         seriesstatstool.cpp
         shapeseries.cpp
         sharpenfilter.cpp
         smithseries.cpp
         smoothingfunction.cpp
         smoothpoints.cpp
         softenfilter.cpp
         spacing.cpp
         stddeviationfunction.cpp
         strings.cpp
         subgradient.cpp
         subsetteefunction.cpp
         surfacenearesttool.cpp
         surfaceseries.cpp
         surfacesides.cpp
         svgexport.cpp
         tablelegend.cpp
         tagcloudseries.cpp
         tchart.cpp
         teecustomshape.cpp
         正在编译...
         teefilter.cpp
         teefont.cpp
         teefunction.cpp
         teeopengl.cpp
         teepicture.cpp
         teepoint2d.cpp
         teepoint3d.cpp
         teerect.cpp
         teeshadow.cpp
         teeshape.cpp
         teeshapepanel.cpp
         text3dtool.cpp
         textexport.cpp
         tilefilter.cpp
         titles.cpp
         toollist.cpp
         tools.cpp
         towerseries.cpp
         transposeseriestool.cpp
         trendfunction.cpp
         正在编译...
         trisurfaceseries.cpp
         valuelist.cpp
         valuelists.cpp
         vector3dseries.cpp
         videoplayertool.cpp
         videotool.cpp
         volumepipeseries.cpp
         volumeseries.cpp
         wall.cpp
         walls.cpp
         waterfallseries.cpp
         windroseseries.cpp
         worldseries.cpp
         xamlexport.cpp
         xlsexport.cpp
         xmlexport.cpp
         zoom.cpp
         zoomfilter.cpp
       ResourceCompile:
         C:\Program Files (x86)\Microsoft SDKs\Windows\v7.0A\bin\rc.exe /D NDEBUG /l"0x0804" /IRelease\ /nologo /fo"Release\LaseAutoCorrect.res" LaseAutoCorrect.rc 
       Link:
         d:\Program Files (x86)\Microsoft Visual Studio 10.0\VC\bin\link.exe /ERRORREPORT:PROMPT /OUT:"E:\712雷达\712相关文件\712生产版源码\自动脉宽修正软件\（v8不连续）LaseAutoCorrect-20190604Use txt_MK 间隔包数5 显示信息优化\（v8不连续）LaseAutoCorrect-20190404\Release\LaseAutoCorrect.exe" /INCREMENTAL:NO /NOLOGO /MANIFEST /ManifestFile:"Release\LaseAutoCorrect.exe.intermediate.manifest" /MANIFESTUAC:"level='asInvoker' uiAccess='false'" /DEBUG /PDB:"E:\712雷达\712相关文件\712生产版源码\自动脉宽修正软件\（v8不连续）LaseAutoCorrect-20190604Use txt_MK 间隔包数5 显示信息优化\（v8不连续）LaseAutoCorrect-20190404\Release\LaseAutoCorrect.pdb" /SUBSYSTEM:WINDOWS /OPT:REF /OPT:ICF /LTCG /TLBID:1 /DYNAMICBASE /NXCOMPAT /IMPLIB:"E:\712雷达\712相关文件\712生产版源码\自动脉宽修正软件\（v8不连续）LaseAutoCorrect-20190604Use txt_MK 间隔包数5 显示信息优化\（v8不连续）LaseAutoCorrect-20190404\Release\LaseAutoCorrect.lib" /MACHINE:X86 Release\LaseAutoCorrect.res
         Release\CRC16.obj
         Release\FitInter.obj
         Release\Interp.obj
         Release\LaseAutoCorrect.obj
         Release\LaseAutoCorrectDlg.obj
         Release\PID.obj
         Release\RealDisplay.obj
         Release\stdafx.obj
         Release\CDMLogInfo.obj
         Release\NetworkUtils.obj
         Release\SerialUtils.obj
         Release\adxfunction.obj
         Release\amountfilter.obj
         Release\annotationcallout.obj
         Release\annotationtool.obj
         Release\antialiastool.obj
         Release\areaseries.obj
         Release\arrowseries.obj
         Release\aspect.obj
         Release\averagefunction.obj
         Release\axes.obj
         Release\axis.obj
         Release\axisarrowtool.obj
         Release\axisgridpen.obj
         Release\axislabels.obj
         Release\axislabelsitem.obj
         Release\axisscrolltool.obj
         Release\axistitle.obj
         Release\backimage.obj
         Release\bannertool.obj
         Release\bar3dseries.obj
         Release\barjoinseries.obj
         Release\barseries.obj
         Release\bevelfilter.obj
         Release\bezierseries.obj
         Release\blurfilter.obj
         Release\bmpexport.obj
         Release\bollingerfunction.obj
         Release\boxplotseries.obj
         Release\brightnessfilter.obj
         Release\brush.obj
         Release\bubble3dseries.obj
         Release\bubbleseries.obj
         Release\calendarcell.obj
         Release\calendarcellupper.obj
         Release\calendarseries.obj
         Release\candleseries.obj
         Release\canvas.obj
         Release\ccifunction.obj
         Release\chartaxispen.obj
         Release\chartfont.obj
         Release\charthiddenpen.obj
         Release\chartimagetool.obj
         Release\circlelabels.obj
         Release\circulargauge.obj
         Release\clipseriestool.obj
         Release\clockseries.obj
         Release\clvfunction.obj
         Release\colorbandtool.obj
         Release\colorfilter.obj
         Release\colorgridseries.obj
         Release\colorlinetool.obj
         Release\compressfunction.obj
         Release\contourlevel.obj
         Release\contourlevels.obj
         Release\contourmarks.obj
         Release\contourseries.obj
         Release\contrastfilter.obj
         Release\cropfilter.obj
         Release\cursortool.obj
         Release\curvefittingfunction.obj
         Release\custom3dpaletteseries.obj
         Release\customfunction.obj
         Release\customserieslist.obj
         Release\darvasseries.obj
         Release\datatabletool.obj
         Release\deltapointseries.obj
         Release\donutseries.obj
         Release\downsamplingfunction.obj
         Release\dragmarkstool.obj
         Release\dragpointtool.obj
         Release\drawline.obj
         Release\drawlinelist.obj
         Release\drawlinetool.obj
         Release\embossfilter.obj
         Release\environment.obj
         Release\epsexport.obj
         Release\errorbarseries.obj
         Release\errorseries.obj
         Release\expavgfunction.obj
         Release\explodedslices.obj
         Release\expmovavgfunction.obj
         Release\export.obj
         Release\extralegendtool.obj
         Release\fadertool.obj
         Release\fastlineseries.obj
         Release\fibonacciitem.obj
         Release\fibonaccilevels.obj
         Release\fibonaccitool.obj
         Release\filteritems.obj
         Release\filterregion.obj
         Release\floatxyz.obj
         Release\framebrush.obj
         Release\framedborder.obj
         Release\frametool.obj
         Release\fullscreentool.obj
         Release\funnelseries.obj
         Release\gammacorrectionfilter.obj
         Release\ganttseries.obj
         Release\gantttool.obj
         Release\gaugepointerrange.obj
         Release\gaugeseries.obj
         Release\gaugeseriespointer.obj
         Release\gifexport.obj
         Release\gllightsource.obj
         Release\glposition.obj
         Release\gradient.obj
         Release\grayscalefilter.obj
         Release\gridbandbrush.obj
         Release\gridbandtool.obj
         Release\gridtransposetool.obj
         Release\highlowlineseries.obj
         Release\highlowseries.obj
         Release\histogramfunction.obj
         Release\histogramseries.obj
         Release\horizareaseries.obj
         Release\horizbarseries.obj
         Release\horizboxplotseries.obj
         Release\horizhistogramseries.obj
         Release\horizlineseries.obj
         Release\htmlexport.obj
         Release\huelumsatfilter.obj
         Release\imagebarseries.obj
         Release\imagepointseries.obj
         Release\import.obj
         Release\isosurfaceseries.obj
         Release\jpegexport.obj
         Release\kagiseries.obj
         Release\legend.obj
         Release\legenditem.obj
         Release\legenditems.obj
         Release\legendpalettetool.obj
         Release\legendscrollbartool.obj
         Release\legendsymbol.obj
         Release\legendtitle.obj
         Release\levelsegment.obj
         Release\lighttool.obj
         Release\lineargauge.obj
         Release\lineseries.obj
         Release\linktool.obj
         Release\macdfunction.obj
         Release\magnifytool.obj
         Release\mappolygon.obj
         Release\mappolygonlist.obj
         Release\mapseries.obj
         Release\margins.obj
         Release\marks.obj
         Release\markscallout.obj
         Release\marksitem.obj
         Release\markssymbol.obj
         Release\markstiptool.obj
         Release\medianfunction.obj
         Release\metafileexport.obj
         Release\mirrorfilter.obj
         Release\modefunction.obj
         Release\mosaicfilter.obj
         Release\movingavgfunction.obj
         Release\nativeexport.obj
         Release\nearesttool.obj
         Release\numericgauge.obj
         Release\numericmarker.obj
         Release\obvfunction.obj
         Release\orgitem.obj
         Release\orgitemcollection.obj
         Release\orgseries.obj
         Release\orgshape.obj
         Release\page.obj
         Release\pagenumtool.obj
         Release\panel.obj
         Release\pcxexport.obj
         Release\pdfexport.obj
         Release\pen.obj
         Release\performancefunction.obj
         Release\piemarks.obj
         Release\pieotherslice.obj
         Release\pieseries.obj
         Release\pietool.obj
         Release\pngexport.obj
         Release\point3dseries.obj
         Release\pointarray.obj
         Release\pointer.obj
         Release\pointfigureseries.obj
         Release\pointseries.obj
         Release\polarbarseries.obj
         Release\polargridseries.obj
         Release\polarseries.obj
         Release\printer.obj
         Release\printersettings.obj
         Release\pvofunction.obj
         Release\pyramidseries.obj
         Release\radarseries.obj
         Release\rectangletool.obj
         Release\renkoseries.obj
         Release\resizefilter.obj
         Release\rmsfunction.obj
         Release\rotatefilter.obj
         Release\rotatetool.obj
         Release\rsifunction.obj
         Release\sarfunction.obj
         Release\scroll.obj
         Release\scrollbarthumb.obj
         Release\selectortool.obj
         Release\series.obj
         Release\seriesanimationtool.obj
         Release\seriesbandtool.obj
         Release\seriesgroup.obj
         Release\seriesgroups.obj
         Release\serieslist.obj
         Release\seriesmarkposition.obj
         Release\seriesmarkspositions.obj
         Release\seriesregiontool.obj
         Release\seriesstatstool.obj
         Release\shapeseries.obj
         Release\sharpenfilter.obj
         Release\smithseries.obj
         Release\smoothingfunction.obj
         Release\smoothpoints.obj
         Release\softenfilter.obj
         Release\spacing.obj
         Release\stddeviationfunction.obj
         Release\strings.obj
         Release\subgradient.obj
         Release\subsetteefunction.obj
         Release\surfacenearesttool.obj
         Release\surfaceseries.obj
         Release\surfacesides.obj
         Release\svgexport.obj
         Release\tablelegend.obj
         Release\tagcloudseries.obj
         Release\tchart.obj
         Release\teecustomshape.obj
         Release\teefilter.obj
         Release\teefont.obj
         Release\teefunction.obj
         Release\teeopengl.obj
         Release\teepicture.obj
         Release\teepoint2d.obj
         Release\teepoint3d.obj
         Release\teerect.obj
         Release\teeshadow.obj
         Release\teeshape.obj
         Release\teeshapepanel.obj
         Release\text3dtool.obj
         Release\textexport.obj
         Release\tilefilter.obj
         Release\titles.obj
         Release\toollist.obj
         Release\tools.obj
         Release\towerseries.obj
         Release\transposeseriestool.obj
         Release\trendfunction.obj
         Release\trisurfaceseries.obj
         Release\valuelist.obj
         Release\valuelists.obj
         Release\vector3dseries.obj
         Release\videoplayertool.obj
         Release\videotool.obj
         Release\volumepipeseries.obj
         Release\volumeseries.obj
         Release\wall.obj
         Release\walls.obj
         Release\waterfallseries.obj
         Release\windroseseries.obj
         Release\worldseries.obj
         Release\xamlexport.obj
         Release\xlsexport.obj
         Release\xmlexport.obj
         Release\zoom.obj
         Release\zoomfilter.obj
         正在生成代码
         已完成代码的生成
         LaseAutoCorrect.vcxproj -> E:\712雷达\712相关文件\712生产版源码\自动脉宽修正软件\（v8不连续）LaseAutoCorrect-20190604Use txt_MK 间隔包数5 显示信息优化\（v8不连续）LaseAutoCorrect-20190404\Release\LaseAutoCorrect.exe
       Manifest:
         C:\Program Files (x86)\Microsoft SDKs\Windows\v7.0A\bin\mt.exe /nologo /verbose /outputresource:"E:\712雷达\712相关文件\712生产版源码\自动脉宽修正软件\（v8不连续）LaseAutoCorrect-20190604Use txt_MK 间隔包数5 显示信息优化\（v8不连续）LaseAutoCorrect-20190404\Release\LaseAutoCorrect.exe;#1" /manifest Release\LaseAutoCorrect.exe.intermediate.manifest "d:\Program Files (x86)\Microsoft Visual Studio 10.0\VC\Include\Manifest\dpiaware.manifest"
     1>已完成生成项目“E:\712雷达\712相关文件\712生产版源码\自动脉宽修正软件\（v8不连续）LaseAutoCorrect-20190604Use txt_MK 间隔包数5 显示信息优化\（v8不连续）LaseAutoCorrect-20190404\LaseAutoCorrect\LaseAutoCorrect.vcxproj”(Rebuild 个目标)的操作。

生成成功。

已用时间 00:00:29.33
