e:\712雷达\712相关文件\712生产版源码\自动脉宽修正软件\（v8不连续）laseautocorrect-20190604use txt_mk 间隔包数5 显示信息优化\（v8不连续）laseautocorrect-20190404\laseautocorrect\release\adxfunction.obj
e:\712雷达\712相关文件\712生产版源码\自动脉宽修正软件\（v8不连续）laseautocorrect-20190604use txt_mk 间隔包数5 显示信息优化\（v8不连续）laseautocorrect-20190404\laseautocorrect\release\amountfilter.obj
e:\712雷达\712相关文件\712生产版源码\自动脉宽修正软件\（v8不连续）laseautocorrect-20190604use txt_mk 间隔包数5 显示信息优化\（v8不连续）laseautocorrect-20190404\laseautocorrect\release\annotationcallout.obj
e:\712雷达\712相关文件\712生产版源码\自动脉宽修正软件\（v8不连续）laseautocorrect-20190604use txt_mk 间隔包数5 显示信息优化\（v8不连续）laseautocorrect-20190404\laseautocorrect\release\annotationtool.obj
e:\712雷达\712相关文件\712生产版源码\自动脉宽修正软件\（v8不连续）laseautocorrect-20190604use txt_mk 间隔包数5 显示信息优化\（v8不连续）laseautocorrect-20190404\laseautocorrect\release\antialiastool.obj
e:\712雷达\712相关文件\712生产版源码\自动脉宽修正软件\（v8不连续）laseautocorrect-20190604use txt_mk 间隔包数5 显示信息优化\（v8不连续）laseautocorrect-20190404\laseautocorrect\release\areaseries.obj
e:\712雷达\712相关文件\712生产版源码\自动脉宽修正软件\（v8不连续）laseautocorrect-20190604use txt_mk 间隔包数5 显示信息优化\（v8不连续）laseautocorrect-20190404\laseautocorrect\release\arrowseries.obj
e:\712雷达\712相关文件\712生产版源码\自动脉宽修正软件\（v8不连续）laseautocorrect-20190604use txt_mk 间隔包数5 显示信息优化\（v8不连续）laseautocorrect-20190404\laseautocorrect\release\aspect.obj
e:\712雷达\712相关文件\712生产版源码\自动脉宽修正软件\（v8不连续）laseautocorrect-20190604use txt_mk 间隔包数5 显示信息优化\（v8不连续）laseautocorrect-20190404\laseautocorrect\release\averagefunction.obj
e:\712雷达\712相关文件\712生产版源码\自动脉宽修正软件\（v8不连续）laseautocorrect-20190604use txt_mk 间隔包数5 显示信息优化\（v8不连续）laseautocorrect-20190404\laseautocorrect\release\axes.obj
e:\712雷达\712相关文件\712生产版源码\自动脉宽修正软件\（v8不连续）laseautocorrect-20190604use txt_mk 间隔包数5 显示信息优化\（v8不连续）laseautocorrect-20190404\laseautocorrect\release\axis.obj
e:\712雷达\712相关文件\712生产版源码\自动脉宽修正软件\（v8不连续）laseautocorrect-20190604use txt_mk 间隔包数5 显示信息优化\（v8不连续）laseautocorrect-20190404\laseautocorrect\release\axisarrowtool.obj
e:\712雷达\712相关文件\712生产版源码\自动脉宽修正软件\（v8不连续）laseautocorrect-20190604use txt_mk 间隔包数5 显示信息优化\（v8不连续）laseautocorrect-20190404\laseautocorrect\release\axisgridpen.obj
e:\712雷达\712相关文件\712生产版源码\自动脉宽修正软件\（v8不连续）laseautocorrect-20190604use txt_mk 间隔包数5 显示信息优化\（v8不连续）laseautocorrect-20190404\laseautocorrect\release\axislabels.obj
e:\712雷达\712相关文件\712生产版源码\自动脉宽修正软件\（v8不连续）laseautocorrect-20190604use txt_mk 间隔包数5 显示信息优化\（v8不连续）laseautocorrect-20190404\laseautocorrect\release\axislabelsitem.obj
e:\712雷达\712相关文件\712生产版源码\自动脉宽修正软件\（v8不连续）laseautocorrect-20190604use txt_mk 间隔包数5 显示信息优化\（v8不连续）laseautocorrect-20190404\laseautocorrect\release\axisscrolltool.obj
e:\712雷达\712相关文件\712生产版源码\自动脉宽修正软件\（v8不连续）laseautocorrect-20190604use txt_mk 间隔包数5 显示信息优化\（v8不连续）laseautocorrect-20190404\laseautocorrect\release\axistitle.obj
e:\712雷达\712相关文件\712生产版源码\自动脉宽修正软件\（v8不连续）laseautocorrect-20190604use txt_mk 间隔包数5 显示信息优化\（v8不连续）laseautocorrect-20190404\laseautocorrect\release\backimage.obj
e:\712雷达\712相关文件\712生产版源码\自动脉宽修正软件\（v8不连续）laseautocorrect-20190604use txt_mk 间隔包数5 显示信息优化\（v8不连续）laseautocorrect-20190404\laseautocorrect\release\bannertool.obj
e:\712雷达\712相关文件\712生产版源码\自动脉宽修正软件\（v8不连续）laseautocorrect-20190604use txt_mk 间隔包数5 显示信息优化\（v8不连续）laseautocorrect-20190404\laseautocorrect\release\bar3dseries.obj
e:\712雷达\712相关文件\712生产版源码\自动脉宽修正软件\（v8不连续）laseautocorrect-20190604use txt_mk 间隔包数5 显示信息优化\（v8不连续）laseautocorrect-20190404\laseautocorrect\release\barjoinseries.obj
e:\712雷达\712相关文件\712生产版源码\自动脉宽修正软件\（v8不连续）laseautocorrect-20190604use txt_mk 间隔包数5 显示信息优化\（v8不连续）laseautocorrect-20190404\laseautocorrect\release\barseries.obj
e:\712雷达\712相关文件\712生产版源码\自动脉宽修正软件\（v8不连续）laseautocorrect-20190604use txt_mk 间隔包数5 显示信息优化\（v8不连续）laseautocorrect-20190404\laseautocorrect\release\bevelfilter.obj
e:\712雷达\712相关文件\712生产版源码\自动脉宽修正软件\（v8不连续）laseautocorrect-20190604use txt_mk 间隔包数5 显示信息优化\（v8不连续）laseautocorrect-20190404\laseautocorrect\release\bezierseries.obj
e:\712雷达\712相关文件\712生产版源码\自动脉宽修正软件\（v8不连续）laseautocorrect-20190604use txt_mk 间隔包数5 显示信息优化\（v8不连续）laseautocorrect-20190404\laseautocorrect\release\blurfilter.obj
e:\712雷达\712相关文件\712生产版源码\自动脉宽修正软件\（v8不连续）laseautocorrect-20190604use txt_mk 间隔包数5 显示信息优化\（v8不连续）laseautocorrect-20190404\laseautocorrect\release\bmpexport.obj
e:\712雷达\712相关文件\712生产版源码\自动脉宽修正软件\（v8不连续）laseautocorrect-20190604use txt_mk 间隔包数5 显示信息优化\（v8不连续）laseautocorrect-20190404\laseautocorrect\release\bollingerfunction.obj
e:\712雷达\712相关文件\712生产版源码\自动脉宽修正软件\（v8不连续）laseautocorrect-20190604use txt_mk 间隔包数5 显示信息优化\（v8不连续）laseautocorrect-20190404\laseautocorrect\release\boxplotseries.obj
e:\712雷达\712相关文件\712生产版源码\自动脉宽修正软件\（v8不连续）laseautocorrect-20190604use txt_mk 间隔包数5 显示信息优化\（v8不连续）laseautocorrect-20190404\laseautocorrect\release\brightnessfilter.obj
e:\712雷达\712相关文件\712生产版源码\自动脉宽修正软件\（v8不连续）laseautocorrect-20190604use txt_mk 间隔包数5 显示信息优化\（v8不连续）laseautocorrect-20190404\laseautocorrect\release\brush.obj
e:\712雷达\712相关文件\712生产版源码\自动脉宽修正软件\（v8不连续）laseautocorrect-20190604use txt_mk 间隔包数5 显示信息优化\（v8不连续）laseautocorrect-20190404\laseautocorrect\release\bubble3dseries.obj
e:\712雷达\712相关文件\712生产版源码\自动脉宽修正软件\（v8不连续）laseautocorrect-20190604use txt_mk 间隔包数5 显示信息优化\（v8不连续）laseautocorrect-20190404\laseautocorrect\release\bubbleseries.obj
e:\712雷达\712相关文件\712生产版源码\自动脉宽修正软件\（v8不连续）laseautocorrect-20190604use txt_mk 间隔包数5 显示信息优化\（v8不连续）laseautocorrect-20190404\laseautocorrect\release\calendarcell.obj
e:\712雷达\712相关文件\712生产版源码\自动脉宽修正软件\（v8不连续）laseautocorrect-20190604use txt_mk 间隔包数5 显示信息优化\（v8不连续）laseautocorrect-20190404\laseautocorrect\release\calendarcellupper.obj
e:\712雷达\712相关文件\712生产版源码\自动脉宽修正软件\（v8不连续）laseautocorrect-20190604use txt_mk 间隔包数5 显示信息优化\（v8不连续）laseautocorrect-20190404\laseautocorrect\release\calendarseries.obj
e:\712雷达\712相关文件\712生产版源码\自动脉宽修正软件\（v8不连续）laseautocorrect-20190604use txt_mk 间隔包数5 显示信息优化\（v8不连续）laseautocorrect-20190404\laseautocorrect\release\candleseries.obj
e:\712雷达\712相关文件\712生产版源码\自动脉宽修正软件\（v8不连续）laseautocorrect-20190604use txt_mk 间隔包数5 显示信息优化\（v8不连续）laseautocorrect-20190404\laseautocorrect\release\canvas.obj
e:\712雷达\712相关文件\712生产版源码\自动脉宽修正软件\（v8不连续）laseautocorrect-20190604use txt_mk 间隔包数5 显示信息优化\（v8不连续）laseautocorrect-20190404\laseautocorrect\release\ccifunction.obj
e:\712雷达\712相关文件\712生产版源码\自动脉宽修正软件\（v8不连续）laseautocorrect-20190604use txt_mk 间隔包数5 显示信息优化\（v8不连续）laseautocorrect-20190404\laseautocorrect\release\cdmloginfo.obj
e:\712雷达\712相关文件\712生产版源码\自动脉宽修正软件\（v8不连续）laseautocorrect-20190604use txt_mk 间隔包数5 显示信息优化\（v8不连续）laseautocorrect-20190404\laseautocorrect\release\chartaxispen.obj
e:\712雷达\712相关文件\712生产版源码\自动脉宽修正软件\（v8不连续）laseautocorrect-20190604use txt_mk 间隔包数5 显示信息优化\（v8不连续）laseautocorrect-20190404\laseautocorrect\release\chartfont.obj
e:\712雷达\712相关文件\712生产版源码\自动脉宽修正软件\（v8不连续）laseautocorrect-20190604use txt_mk 间隔包数5 显示信息优化\（v8不连续）laseautocorrect-20190404\laseautocorrect\release\charthiddenpen.obj
e:\712雷达\712相关文件\712生产版源码\自动脉宽修正软件\（v8不连续）laseautocorrect-20190604use txt_mk 间隔包数5 显示信息优化\（v8不连续）laseautocorrect-20190404\laseautocorrect\release\chartimagetool.obj
e:\712雷达\712相关文件\712生产版源码\自动脉宽修正软件\（v8不连续）laseautocorrect-20190604use txt_mk 间隔包数5 显示信息优化\（v8不连续）laseautocorrect-20190404\laseautocorrect\release\circlelabels.obj
e:\712雷达\712相关文件\712生产版源码\自动脉宽修正软件\（v8不连续）laseautocorrect-20190604use txt_mk 间隔包数5 显示信息优化\（v8不连续）laseautocorrect-20190404\laseautocorrect\release\circulargauge.obj
e:\712雷达\712相关文件\712生产版源码\自动脉宽修正软件\（v8不连续）laseautocorrect-20190604use txt_mk 间隔包数5 显示信息优化\（v8不连续）laseautocorrect-20190404\laseautocorrect\release\clipseriestool.obj
e:\712雷达\712相关文件\712生产版源码\自动脉宽修正软件\（v8不连续）laseautocorrect-20190604use txt_mk 间隔包数5 显示信息优化\（v8不连续）laseautocorrect-20190404\laseautocorrect\release\clockseries.obj
e:\712雷达\712相关文件\712生产版源码\自动脉宽修正软件\（v8不连续）laseautocorrect-20190604use txt_mk 间隔包数5 显示信息优化\（v8不连续）laseautocorrect-20190404\laseautocorrect\release\clvfunction.obj
e:\712雷达\712相关文件\712生产版源码\自动脉宽修正软件\（v8不连续）laseautocorrect-20190604use txt_mk 间隔包数5 显示信息优化\（v8不连续）laseautocorrect-20190404\laseautocorrect\release\colorbandtool.obj
e:\712雷达\712相关文件\712生产版源码\自动脉宽修正软件\（v8不连续）laseautocorrect-20190604use txt_mk 间隔包数5 显示信息优化\（v8不连续）laseautocorrect-20190404\laseautocorrect\release\colorfilter.obj
e:\712雷达\712相关文件\712生产版源码\自动脉宽修正软件\（v8不连续）laseautocorrect-20190604use txt_mk 间隔包数5 显示信息优化\（v8不连续）laseautocorrect-20190404\laseautocorrect\release\colorgridseries.obj
e:\712雷达\712相关文件\712生产版源码\自动脉宽修正软件\（v8不连续）laseautocorrect-20190604use txt_mk 间隔包数5 显示信息优化\（v8不连续）laseautocorrect-20190404\laseautocorrect\release\colorlinetool.obj
e:\712雷达\712相关文件\712生产版源码\自动脉宽修正软件\（v8不连续）laseautocorrect-20190604use txt_mk 间隔包数5 显示信息优化\（v8不连续）laseautocorrect-20190404\laseautocorrect\release\compressfunction.obj
e:\712雷达\712相关文件\712生产版源码\自动脉宽修正软件\（v8不连续）laseautocorrect-20190604use txt_mk 间隔包数5 显示信息优化\（v8不连续）laseautocorrect-20190404\laseautocorrect\release\contourlevel.obj
e:\712雷达\712相关文件\712生产版源码\自动脉宽修正软件\（v8不连续）laseautocorrect-20190604use txt_mk 间隔包数5 显示信息优化\（v8不连续）laseautocorrect-20190404\laseautocorrect\release\contourlevels.obj
e:\712雷达\712相关文件\712生产版源码\自动脉宽修正软件\（v8不连续）laseautocorrect-20190604use txt_mk 间隔包数5 显示信息优化\（v8不连续）laseautocorrect-20190404\laseautocorrect\release\contourmarks.obj
e:\712雷达\712相关文件\712生产版源码\自动脉宽修正软件\（v8不连续）laseautocorrect-20190604use txt_mk 间隔包数5 显示信息优化\（v8不连续）laseautocorrect-20190404\laseautocorrect\release\contourseries.obj
e:\712雷达\712相关文件\712生产版源码\自动脉宽修正软件\（v8不连续）laseautocorrect-20190604use txt_mk 间隔包数5 显示信息优化\（v8不连续）laseautocorrect-20190404\laseautocorrect\release\contrastfilter.obj
e:\712雷达\712相关文件\712生产版源码\自动脉宽修正软件\（v8不连续）laseautocorrect-20190604use txt_mk 间隔包数5 显示信息优化\（v8不连续）laseautocorrect-20190404\laseautocorrect\release\crc16.obj
e:\712雷达\712相关文件\712生产版源码\自动脉宽修正软件\（v8不连续）laseautocorrect-20190604use txt_mk 间隔包数5 显示信息优化\（v8不连续）laseautocorrect-20190404\laseautocorrect\release\cropfilter.obj
e:\712雷达\712相关文件\712生产版源码\自动脉宽修正软件\（v8不连续）laseautocorrect-20190604use txt_mk 间隔包数5 显示信息优化\（v8不连续）laseautocorrect-20190404\laseautocorrect\release\cursortool.obj
e:\712雷达\712相关文件\712生产版源码\自动脉宽修正软件\（v8不连续）laseautocorrect-20190604use txt_mk 间隔包数5 显示信息优化\（v8不连续）laseautocorrect-20190404\laseautocorrect\release\curvefittingfunction.obj
e:\712雷达\712相关文件\712生产版源码\自动脉宽修正软件\（v8不连续）laseautocorrect-20190604use txt_mk 间隔包数5 显示信息优化\（v8不连续）laseautocorrect-20190404\laseautocorrect\release\custom3dpaletteseries.obj
e:\712雷达\712相关文件\712生产版源码\自动脉宽修正软件\（v8不连续）laseautocorrect-20190604use txt_mk 间隔包数5 显示信息优化\（v8不连续）laseautocorrect-20190404\laseautocorrect\release\customfunction.obj
e:\712雷达\712相关文件\712生产版源码\自动脉宽修正软件\（v8不连续）laseautocorrect-20190604use txt_mk 间隔包数5 显示信息优化\（v8不连续）laseautocorrect-20190404\laseautocorrect\release\customserieslist.obj
e:\712雷达\712相关文件\712生产版源码\自动脉宽修正软件\（v8不连续）laseautocorrect-20190604use txt_mk 间隔包数5 显示信息优化\（v8不连续）laseautocorrect-20190404\laseautocorrect\release\darvasseries.obj
e:\712雷达\712相关文件\712生产版源码\自动脉宽修正软件\（v8不连续）laseautocorrect-20190604use txt_mk 间隔包数5 显示信息优化\（v8不连续）laseautocorrect-20190404\laseautocorrect\release\datatabletool.obj
e:\712雷达\712相关文件\712生产版源码\自动脉宽修正软件\（v8不连续）laseautocorrect-20190604use txt_mk 间隔包数5 显示信息优化\（v8不连续）laseautocorrect-20190404\laseautocorrect\release\deltapointseries.obj
e:\712雷达\712相关文件\712生产版源码\自动脉宽修正软件\（v8不连续）laseautocorrect-20190604use txt_mk 间隔包数5 显示信息优化\（v8不连续）laseautocorrect-20190404\laseautocorrect\release\donutseries.obj
e:\712雷达\712相关文件\712生产版源码\自动脉宽修正软件\（v8不连续）laseautocorrect-20190604use txt_mk 间隔包数5 显示信息优化\（v8不连续）laseautocorrect-20190404\laseautocorrect\release\downsamplingfunction.obj
e:\712雷达\712相关文件\712生产版源码\自动脉宽修正软件\（v8不连续）laseautocorrect-20190604use txt_mk 间隔包数5 显示信息优化\（v8不连续）laseautocorrect-20190404\laseautocorrect\release\dragmarkstool.obj
e:\712雷达\712相关文件\712生产版源码\自动脉宽修正软件\（v8不连续）laseautocorrect-20190604use txt_mk 间隔包数5 显示信息优化\（v8不连续）laseautocorrect-20190404\laseautocorrect\release\dragpointtool.obj
e:\712雷达\712相关文件\712生产版源码\自动脉宽修正软件\（v8不连续）laseautocorrect-20190604use txt_mk 间隔包数5 显示信息优化\（v8不连续）laseautocorrect-20190404\laseautocorrect\release\drawline.obj
e:\712雷达\712相关文件\712生产版源码\自动脉宽修正软件\（v8不连续）laseautocorrect-20190604use txt_mk 间隔包数5 显示信息优化\（v8不连续）laseautocorrect-20190404\laseautocorrect\release\drawlinelist.obj
e:\712雷达\712相关文件\712生产版源码\自动脉宽修正软件\（v8不连续）laseautocorrect-20190604use txt_mk 间隔包数5 显示信息优化\（v8不连续）laseautocorrect-20190404\laseautocorrect\release\drawlinetool.obj
e:\712雷达\712相关文件\712生产版源码\自动脉宽修正软件\（v8不连续）laseautocorrect-20190604use txt_mk 间隔包数5 显示信息优化\（v8不连续）laseautocorrect-20190404\laseautocorrect\release\embossfilter.obj
e:\712雷达\712相关文件\712生产版源码\自动脉宽修正软件\（v8不连续）laseautocorrect-20190604use txt_mk 间隔包数5 显示信息优化\（v8不连续）laseautocorrect-20190404\laseautocorrect\release\environment.obj
e:\712雷达\712相关文件\712生产版源码\自动脉宽修正软件\（v8不连续）laseautocorrect-20190604use txt_mk 间隔包数5 显示信息优化\（v8不连续）laseautocorrect-20190404\laseautocorrect\release\epsexport.obj
e:\712雷达\712相关文件\712生产版源码\自动脉宽修正软件\（v8不连续）laseautocorrect-20190604use txt_mk 间隔包数5 显示信息优化\（v8不连续）laseautocorrect-20190404\laseautocorrect\release\errorbarseries.obj
e:\712雷达\712相关文件\712生产版源码\自动脉宽修正软件\（v8不连续）laseautocorrect-20190604use txt_mk 间隔包数5 显示信息优化\（v8不连续）laseautocorrect-20190404\laseautocorrect\release\errorseries.obj
e:\712雷达\712相关文件\712生产版源码\自动脉宽修正软件\（v8不连续）laseautocorrect-20190604use txt_mk 间隔包数5 显示信息优化\（v8不连续）laseautocorrect-20190404\laseautocorrect\release\expavgfunction.obj
e:\712雷达\712相关文件\712生产版源码\自动脉宽修正软件\（v8不连续）laseautocorrect-20190604use txt_mk 间隔包数5 显示信息优化\（v8不连续）laseautocorrect-20190404\laseautocorrect\release\explodedslices.obj
e:\712雷达\712相关文件\712生产版源码\自动脉宽修正软件\（v8不连续）laseautocorrect-20190604use txt_mk 间隔包数5 显示信息优化\（v8不连续）laseautocorrect-20190404\laseautocorrect\release\expmovavgfunction.obj
e:\712雷达\712相关文件\712生产版源码\自动脉宽修正软件\（v8不连续）laseautocorrect-20190604use txt_mk 间隔包数5 显示信息优化\（v8不连续）laseautocorrect-20190404\laseautocorrect\release\export.obj
e:\712雷达\712相关文件\712生产版源码\自动脉宽修正软件\（v8不连续）laseautocorrect-20190604use txt_mk 间隔包数5 显示信息优化\（v8不连续）laseautocorrect-20190404\laseautocorrect\release\extralegendtool.obj
e:\712雷达\712相关文件\712生产版源码\自动脉宽修正软件\（v8不连续）laseautocorrect-20190604use txt_mk 间隔包数5 显示信息优化\（v8不连续）laseautocorrect-20190404\laseautocorrect\release\fadertool.obj
e:\712雷达\712相关文件\712生产版源码\自动脉宽修正软件\（v8不连续）laseautocorrect-20190604use txt_mk 间隔包数5 显示信息优化\（v8不连续）laseautocorrect-20190404\laseautocorrect\release\fastlineseries.obj
e:\712雷达\712相关文件\712生产版源码\自动脉宽修正软件\（v8不连续）laseautocorrect-20190604use txt_mk 间隔包数5 显示信息优化\（v8不连续）laseautocorrect-20190404\laseautocorrect\release\fibonacciitem.obj
e:\712雷达\712相关文件\712生产版源码\自动脉宽修正软件\（v8不连续）laseautocorrect-20190604use txt_mk 间隔包数5 显示信息优化\（v8不连续）laseautocorrect-20190404\laseautocorrect\release\fibonaccilevels.obj
e:\712雷达\712相关文件\712生产版源码\自动脉宽修正软件\（v8不连续）laseautocorrect-20190604use txt_mk 间隔包数5 显示信息优化\（v8不连续）laseautocorrect-20190404\laseautocorrect\release\fibonaccitool.obj
e:\712雷达\712相关文件\712生产版源码\自动脉宽修正软件\（v8不连续）laseautocorrect-20190604use txt_mk 间隔包数5 显示信息优化\（v8不连续）laseautocorrect-20190404\laseautocorrect\release\filteritems.obj
e:\712雷达\712相关文件\712生产版源码\自动脉宽修正软件\（v8不连续）laseautocorrect-20190604use txt_mk 间隔包数5 显示信息优化\（v8不连续）laseautocorrect-20190404\laseautocorrect\release\filterregion.obj
e:\712雷达\712相关文件\712生产版源码\自动脉宽修正软件\（v8不连续）laseautocorrect-20190604use txt_mk 间隔包数5 显示信息优化\（v8不连续）laseautocorrect-20190404\laseautocorrect\release\fitinter.obj
e:\712雷达\712相关文件\712生产版源码\自动脉宽修正软件\（v8不连续）laseautocorrect-20190604use txt_mk 间隔包数5 显示信息优化\（v8不连续）laseautocorrect-20190404\laseautocorrect\release\floatxyz.obj
e:\712雷达\712相关文件\712生产版源码\自动脉宽修正软件\（v8不连续）laseautocorrect-20190604use txt_mk 间隔包数5 显示信息优化\（v8不连续）laseautocorrect-20190404\laseautocorrect\release\framebrush.obj
e:\712雷达\712相关文件\712生产版源码\自动脉宽修正软件\（v8不连续）laseautocorrect-20190604use txt_mk 间隔包数5 显示信息优化\（v8不连续）laseautocorrect-20190404\laseautocorrect\release\framedborder.obj
e:\712雷达\712相关文件\712生产版源码\自动脉宽修正软件\（v8不连续）laseautocorrect-20190604use txt_mk 间隔包数5 显示信息优化\（v8不连续）laseautocorrect-20190404\laseautocorrect\release\frametool.obj
e:\712雷达\712相关文件\712生产版源码\自动脉宽修正软件\（v8不连续）laseautocorrect-20190604use txt_mk 间隔包数5 显示信息优化\（v8不连续）laseautocorrect-20190404\laseautocorrect\release\fullscreentool.obj
e:\712雷达\712相关文件\712生产版源码\自动脉宽修正软件\（v8不连续）laseautocorrect-20190604use txt_mk 间隔包数5 显示信息优化\（v8不连续）laseautocorrect-20190404\laseautocorrect\release\funnelseries.obj
e:\712雷达\712相关文件\712生产版源码\自动脉宽修正软件\（v8不连续）laseautocorrect-20190604use txt_mk 间隔包数5 显示信息优化\（v8不连续）laseautocorrect-20190404\laseautocorrect\release\gammacorrectionfilter.obj
e:\712雷达\712相关文件\712生产版源码\自动脉宽修正软件\（v8不连续）laseautocorrect-20190604use txt_mk 间隔包数5 显示信息优化\（v8不连续）laseautocorrect-20190404\laseautocorrect\release\ganttseries.obj
e:\712雷达\712相关文件\712生产版源码\自动脉宽修正软件\（v8不连续）laseautocorrect-20190604use txt_mk 间隔包数5 显示信息优化\（v8不连续）laseautocorrect-20190404\laseautocorrect\release\gantttool.obj
e:\712雷达\712相关文件\712生产版源码\自动脉宽修正软件\（v8不连续）laseautocorrect-20190604use txt_mk 间隔包数5 显示信息优化\（v8不连续）laseautocorrect-20190404\laseautocorrect\release\gaugepointerrange.obj
e:\712雷达\712相关文件\712生产版源码\自动脉宽修正软件\（v8不连续）laseautocorrect-20190604use txt_mk 间隔包数5 显示信息优化\（v8不连续）laseautocorrect-20190404\laseautocorrect\release\gaugeseries.obj
e:\712雷达\712相关文件\712生产版源码\自动脉宽修正软件\（v8不连续）laseautocorrect-20190604use txt_mk 间隔包数5 显示信息优化\（v8不连续）laseautocorrect-20190404\laseautocorrect\release\gaugeseriespointer.obj
e:\712雷达\712相关文件\712生产版源码\自动脉宽修正软件\（v8不连续）laseautocorrect-20190604use txt_mk 间隔包数5 显示信息优化\（v8不连续）laseautocorrect-20190404\laseautocorrect\release\gifexport.obj
e:\712雷达\712相关文件\712生产版源码\自动脉宽修正软件\（v8不连续）laseautocorrect-20190604use txt_mk 间隔包数5 显示信息优化\（v8不连续）laseautocorrect-20190404\laseautocorrect\release\gllightsource.obj
e:\712雷达\712相关文件\712生产版源码\自动脉宽修正软件\（v8不连续）laseautocorrect-20190604use txt_mk 间隔包数5 显示信息优化\（v8不连续）laseautocorrect-20190404\laseautocorrect\release\glposition.obj
e:\712雷达\712相关文件\712生产版源码\自动脉宽修正软件\（v8不连续）laseautocorrect-20190604use txt_mk 间隔包数5 显示信息优化\（v8不连续）laseautocorrect-20190404\laseautocorrect\release\gradient.obj
e:\712雷达\712相关文件\712生产版源码\自动脉宽修正软件\（v8不连续）laseautocorrect-20190604use txt_mk 间隔包数5 显示信息优化\（v8不连续）laseautocorrect-20190404\laseautocorrect\release\grayscalefilter.obj
e:\712雷达\712相关文件\712生产版源码\自动脉宽修正软件\（v8不连续）laseautocorrect-20190604use txt_mk 间隔包数5 显示信息优化\（v8不连续）laseautocorrect-20190404\laseautocorrect\release\gridbandbrush.obj
e:\712雷达\712相关文件\712生产版源码\自动脉宽修正软件\（v8不连续）laseautocorrect-20190604use txt_mk 间隔包数5 显示信息优化\（v8不连续）laseautocorrect-20190404\laseautocorrect\release\gridbandtool.obj
e:\712雷达\712相关文件\712生产版源码\自动脉宽修正软件\（v8不连续）laseautocorrect-20190604use txt_mk 间隔包数5 显示信息优化\（v8不连续）laseautocorrect-20190404\laseautocorrect\release\gridtransposetool.obj
e:\712雷达\712相关文件\712生产版源码\自动脉宽修正软件\（v8不连续）laseautocorrect-20190604use txt_mk 间隔包数5 显示信息优化\（v8不连续）laseautocorrect-20190404\laseautocorrect\release\highlowlineseries.obj
e:\712雷达\712相关文件\712生产版源码\自动脉宽修正软件\（v8不连续）laseautocorrect-20190604use txt_mk 间隔包数5 显示信息优化\（v8不连续）laseautocorrect-20190404\laseautocorrect\release\highlowseries.obj
e:\712雷达\712相关文件\712生产版源码\自动脉宽修正软件\（v8不连续）laseautocorrect-20190604use txt_mk 间隔包数5 显示信息优化\（v8不连续）laseautocorrect-20190404\laseautocorrect\release\histogramfunction.obj
e:\712雷达\712相关文件\712生产版源码\自动脉宽修正软件\（v8不连续）laseautocorrect-20190604use txt_mk 间隔包数5 显示信息优化\（v8不连续）laseautocorrect-20190404\laseautocorrect\release\histogramseries.obj
e:\712雷达\712相关文件\712生产版源码\自动脉宽修正软件\（v8不连续）laseautocorrect-20190604use txt_mk 间隔包数5 显示信息优化\（v8不连续）laseautocorrect-20190404\laseautocorrect\release\horizareaseries.obj
e:\712雷达\712相关文件\712生产版源码\自动脉宽修正软件\（v8不连续）laseautocorrect-20190604use txt_mk 间隔包数5 显示信息优化\（v8不连续）laseautocorrect-20190404\laseautocorrect\release\horizbarseries.obj
e:\712雷达\712相关文件\712生产版源码\自动脉宽修正软件\（v8不连续）laseautocorrect-20190604use txt_mk 间隔包数5 显示信息优化\（v8不连续）laseautocorrect-20190404\laseautocorrect\release\horizboxplotseries.obj
e:\712雷达\712相关文件\712生产版源码\自动脉宽修正软件\（v8不连续）laseautocorrect-20190604use txt_mk 间隔包数5 显示信息优化\（v8不连续）laseautocorrect-20190404\laseautocorrect\release\horizhistogramseries.obj
e:\712雷达\712相关文件\712生产版源码\自动脉宽修正软件\（v8不连续）laseautocorrect-20190604use txt_mk 间隔包数5 显示信息优化\（v8不连续）laseautocorrect-20190404\laseautocorrect\release\horizlineseries.obj
e:\712雷达\712相关文件\712生产版源码\自动脉宽修正软件\（v8不连续）laseautocorrect-20190604use txt_mk 间隔包数5 显示信息优化\（v8不连续）laseautocorrect-20190404\laseautocorrect\release\htmlexport.obj
e:\712雷达\712相关文件\712生产版源码\自动脉宽修正软件\（v8不连续）laseautocorrect-20190604use txt_mk 间隔包数5 显示信息优化\（v8不连续）laseautocorrect-20190404\laseautocorrect\release\huelumsatfilter.obj
e:\712雷达\712相关文件\712生产版源码\自动脉宽修正软件\（v8不连续）laseautocorrect-20190604use txt_mk 间隔包数5 显示信息优化\（v8不连续）laseautocorrect-20190404\laseautocorrect\release\imagebarseries.obj
e:\712雷达\712相关文件\712生产版源码\自动脉宽修正软件\（v8不连续）laseautocorrect-20190604use txt_mk 间隔包数5 显示信息优化\（v8不连续）laseautocorrect-20190404\laseautocorrect\release\imagepointseries.obj
e:\712雷达\712相关文件\712生产版源码\自动脉宽修正软件\（v8不连续）laseautocorrect-20190604use txt_mk 间隔包数5 显示信息优化\（v8不连续）laseautocorrect-20190404\laseautocorrect\release\import.obj
e:\712雷达\712相关文件\712生产版源码\自动脉宽修正软件\（v8不连续）laseautocorrect-20190604use txt_mk 间隔包数5 显示信息优化\（v8不连续）laseautocorrect-20190404\laseautocorrect\release\interp.obj
e:\712雷达\712相关文件\712生产版源码\自动脉宽修正软件\（v8不连续）laseautocorrect-20190604use txt_mk 间隔包数5 显示信息优化\（v8不连续）laseautocorrect-20190404\laseautocorrect\release\isosurfaceseries.obj
e:\712雷达\712相关文件\712生产版源码\自动脉宽修正软件\（v8不连续）laseautocorrect-20190604use txt_mk 间隔包数5 显示信息优化\（v8不连续）laseautocorrect-20190404\laseautocorrect\release\jpegexport.obj
e:\712雷达\712相关文件\712生产版源码\自动脉宽修正软件\（v8不连续）laseautocorrect-20190604use txt_mk 间隔包数5 显示信息优化\（v8不连续）laseautocorrect-20190404\laseautocorrect\release\kagiseries.obj
e:\712雷达\712相关文件\712生产版源码\自动脉宽修正软件\（v8不连续）laseautocorrect-20190604use txt_mk 间隔包数5 显示信息优化\（v8不连续）laseautocorrect-20190404\laseautocorrect\release\laseautocorrect.obj
e:\712雷达\712相关文件\712生产版源码\自动脉宽修正软件\（v8不连续）laseautocorrect-20190604use txt_mk 间隔包数5 显示信息优化\（v8不连续）laseautocorrect-20190404\laseautocorrect\release\laseautocorrectdlg.obj
e:\712雷达\712相关文件\712生产版源码\自动脉宽修正软件\（v8不连续）laseautocorrect-20190604use txt_mk 间隔包数5 显示信息优化\（v8不连续）laseautocorrect-20190404\laseautocorrect\release\legend.obj
e:\712雷达\712相关文件\712生产版源码\自动脉宽修正软件\（v8不连续）laseautocorrect-20190604use txt_mk 间隔包数5 显示信息优化\（v8不连续）laseautocorrect-20190404\laseautocorrect\release\legenditem.obj
e:\712雷达\712相关文件\712生产版源码\自动脉宽修正软件\（v8不连续）laseautocorrect-20190604use txt_mk 间隔包数5 显示信息优化\（v8不连续）laseautocorrect-20190404\laseautocorrect\release\legenditems.obj
e:\712雷达\712相关文件\712生产版源码\自动脉宽修正软件\（v8不连续）laseautocorrect-20190604use txt_mk 间隔包数5 显示信息优化\（v8不连续）laseautocorrect-20190404\laseautocorrect\release\legendpalettetool.obj
e:\712雷达\712相关文件\712生产版源码\自动脉宽修正软件\（v8不连续）laseautocorrect-20190604use txt_mk 间隔包数5 显示信息优化\（v8不连续）laseautocorrect-20190404\laseautocorrect\release\legendscrollbartool.obj
e:\712雷达\712相关文件\712生产版源码\自动脉宽修正软件\（v8不连续）laseautocorrect-20190604use txt_mk 间隔包数5 显示信息优化\（v8不连续）laseautocorrect-20190404\laseautocorrect\release\legendsymbol.obj
e:\712雷达\712相关文件\712生产版源码\自动脉宽修正软件\（v8不连续）laseautocorrect-20190604use txt_mk 间隔包数5 显示信息优化\（v8不连续）laseautocorrect-20190404\laseautocorrect\release\legendtitle.obj
e:\712雷达\712相关文件\712生产版源码\自动脉宽修正软件\（v8不连续）laseautocorrect-20190604use txt_mk 间隔包数5 显示信息优化\（v8不连续）laseautocorrect-20190404\laseautocorrect\release\levelsegment.obj
e:\712雷达\712相关文件\712生产版源码\自动脉宽修正软件\（v8不连续）laseautocorrect-20190604use txt_mk 间隔包数5 显示信息优化\（v8不连续）laseautocorrect-20190404\laseautocorrect\release\lighttool.obj
e:\712雷达\712相关文件\712生产版源码\自动脉宽修正软件\（v8不连续）laseautocorrect-20190604use txt_mk 间隔包数5 显示信息优化\（v8不连续）laseautocorrect-20190404\laseautocorrect\release\lineargauge.obj
e:\712雷达\712相关文件\712生产版源码\自动脉宽修正软件\（v8不连续）laseautocorrect-20190604use txt_mk 间隔包数5 显示信息优化\（v8不连续）laseautocorrect-20190404\laseautocorrect\release\lineseries.obj
e:\712雷达\712相关文件\712生产版源码\自动脉宽修正软件\（v8不连续）laseautocorrect-20190604use txt_mk 间隔包数5 显示信息优化\（v8不连续）laseautocorrect-20190404\laseautocorrect\release\linktool.obj
e:\712雷达\712相关文件\712生产版源码\自动脉宽修正软件\（v8不连续）laseautocorrect-20190604use txt_mk 间隔包数5 显示信息优化\（v8不连续）laseautocorrect-20190404\laseautocorrect\release\macdfunction.obj
e:\712雷达\712相关文件\712生产版源码\自动脉宽修正软件\（v8不连续）laseautocorrect-20190604use txt_mk 间隔包数5 显示信息优化\（v8不连续）laseautocorrect-20190404\laseautocorrect\release\magnifytool.obj
e:\712雷达\712相关文件\712生产版源码\自动脉宽修正软件\（v8不连续）laseautocorrect-20190604use txt_mk 间隔包数5 显示信息优化\（v8不连续）laseautocorrect-20190404\laseautocorrect\release\mappolygon.obj
e:\712雷达\712相关文件\712生产版源码\自动脉宽修正软件\（v8不连续）laseautocorrect-20190604use txt_mk 间隔包数5 显示信息优化\（v8不连续）laseautocorrect-20190404\laseautocorrect\release\mappolygonlist.obj
e:\712雷达\712相关文件\712生产版源码\自动脉宽修正软件\（v8不连续）laseautocorrect-20190604use txt_mk 间隔包数5 显示信息优化\（v8不连续）laseautocorrect-20190404\laseautocorrect\release\mapseries.obj
e:\712雷达\712相关文件\712生产版源码\自动脉宽修正软件\（v8不连续）laseautocorrect-20190604use txt_mk 间隔包数5 显示信息优化\（v8不连续）laseautocorrect-20190404\laseautocorrect\release\margins.obj
e:\712雷达\712相关文件\712生产版源码\自动脉宽修正软件\（v8不连续）laseautocorrect-20190604use txt_mk 间隔包数5 显示信息优化\（v8不连续）laseautocorrect-20190404\laseautocorrect\release\marks.obj
e:\712雷达\712相关文件\712生产版源码\自动脉宽修正软件\（v8不连续）laseautocorrect-20190604use txt_mk 间隔包数5 显示信息优化\（v8不连续）laseautocorrect-20190404\laseautocorrect\release\markscallout.obj
e:\712雷达\712相关文件\712生产版源码\自动脉宽修正软件\（v8不连续）laseautocorrect-20190604use txt_mk 间隔包数5 显示信息优化\（v8不连续）laseautocorrect-20190404\laseautocorrect\release\marksitem.obj
e:\712雷达\712相关文件\712生产版源码\自动脉宽修正软件\（v8不连续）laseautocorrect-20190604use txt_mk 间隔包数5 显示信息优化\（v8不连续）laseautocorrect-20190404\laseautocorrect\release\markssymbol.obj
e:\712雷达\712相关文件\712生产版源码\自动脉宽修正软件\（v8不连续）laseautocorrect-20190604use txt_mk 间隔包数5 显示信息优化\（v8不连续）laseautocorrect-20190404\laseautocorrect\release\markstiptool.obj
e:\712雷达\712相关文件\712生产版源码\自动脉宽修正软件\（v8不连续）laseautocorrect-20190604use txt_mk 间隔包数5 显示信息优化\（v8不连续）laseautocorrect-20190404\laseautocorrect\release\medianfunction.obj
e:\712雷达\712相关文件\712生产版源码\自动脉宽修正软件\（v8不连续）laseautocorrect-20190604use txt_mk 间隔包数5 显示信息优化\（v8不连续）laseautocorrect-20190404\laseautocorrect\release\metafileexport.obj
e:\712雷达\712相关文件\712生产版源码\自动脉宽修正软件\（v8不连续）laseautocorrect-20190604use txt_mk 间隔包数5 显示信息优化\（v8不连续）laseautocorrect-20190404\laseautocorrect\release\mirrorfilter.obj
e:\712雷达\712相关文件\712生产版源码\自动脉宽修正软件\（v8不连续）laseautocorrect-20190604use txt_mk 间隔包数5 显示信息优化\（v8不连续）laseautocorrect-20190404\laseautocorrect\release\modefunction.obj
e:\712雷达\712相关文件\712生产版源码\自动脉宽修正软件\（v8不连续）laseautocorrect-20190604use txt_mk 间隔包数5 显示信息优化\（v8不连续）laseautocorrect-20190404\laseautocorrect\release\mosaicfilter.obj
e:\712雷达\712相关文件\712生产版源码\自动脉宽修正软件\（v8不连续）laseautocorrect-20190604use txt_mk 间隔包数5 显示信息优化\（v8不连续）laseautocorrect-20190404\laseautocorrect\release\movingavgfunction.obj
e:\712雷达\712相关文件\712生产版源码\自动脉宽修正软件\（v8不连续）laseautocorrect-20190604use txt_mk 间隔包数5 显示信息优化\（v8不连续）laseautocorrect-20190404\laseautocorrect\release\nativeexport.obj
e:\712雷达\712相关文件\712生产版源码\自动脉宽修正软件\（v8不连续）laseautocorrect-20190604use txt_mk 间隔包数5 显示信息优化\（v8不连续）laseautocorrect-20190404\laseautocorrect\release\nearesttool.obj
e:\712雷达\712相关文件\712生产版源码\自动脉宽修正软件\（v8不连续）laseautocorrect-20190604use txt_mk 间隔包数5 显示信息优化\（v8不连续）laseautocorrect-20190404\laseautocorrect\release\networkutils.obj
e:\712雷达\712相关文件\712生产版源码\自动脉宽修正软件\（v8不连续）laseautocorrect-20190604use txt_mk 间隔包数5 显示信息优化\（v8不连续）laseautocorrect-20190404\laseautocorrect\release\numericgauge.obj
e:\712雷达\712相关文件\712生产版源码\自动脉宽修正软件\（v8不连续）laseautocorrect-20190604use txt_mk 间隔包数5 显示信息优化\（v8不连续）laseautocorrect-20190404\laseautocorrect\release\numericmarker.obj
e:\712雷达\712相关文件\712生产版源码\自动脉宽修正软件\（v8不连续）laseautocorrect-20190604use txt_mk 间隔包数5 显示信息优化\（v8不连续）laseautocorrect-20190404\laseautocorrect\release\obvfunction.obj
e:\712雷达\712相关文件\712生产版源码\自动脉宽修正软件\（v8不连续）laseautocorrect-20190604use txt_mk 间隔包数5 显示信息优化\（v8不连续）laseautocorrect-20190404\laseautocorrect\release\orgitem.obj
e:\712雷达\712相关文件\712生产版源码\自动脉宽修正软件\（v8不连续）laseautocorrect-20190604use txt_mk 间隔包数5 显示信息优化\（v8不连续）laseautocorrect-20190404\laseautocorrect\release\orgitemcollection.obj
e:\712雷达\712相关文件\712生产版源码\自动脉宽修正软件\（v8不连续）laseautocorrect-20190604use txt_mk 间隔包数5 显示信息优化\（v8不连续）laseautocorrect-20190404\laseautocorrect\release\orgseries.obj
e:\712雷达\712相关文件\712生产版源码\自动脉宽修正软件\（v8不连续）laseautocorrect-20190604use txt_mk 间隔包数5 显示信息优化\（v8不连续）laseautocorrect-20190404\laseautocorrect\release\orgshape.obj
e:\712雷达\712相关文件\712生产版源码\自动脉宽修正软件\（v8不连续）laseautocorrect-20190604use txt_mk 间隔包数5 显示信息优化\（v8不连续）laseautocorrect-20190404\laseautocorrect\release\page.obj
e:\712雷达\712相关文件\712生产版源码\自动脉宽修正软件\（v8不连续）laseautocorrect-20190604use txt_mk 间隔包数5 显示信息优化\（v8不连续）laseautocorrect-20190404\laseautocorrect\release\pagenumtool.obj
e:\712雷达\712相关文件\712生产版源码\自动脉宽修正软件\（v8不连续）laseautocorrect-20190604use txt_mk 间隔包数5 显示信息优化\（v8不连续）laseautocorrect-20190404\laseautocorrect\release\panel.obj
e:\712雷达\712相关文件\712生产版源码\自动脉宽修正软件\（v8不连续）laseautocorrect-20190604use txt_mk 间隔包数5 显示信息优化\（v8不连续）laseautocorrect-20190404\laseautocorrect\release\pcxexport.obj
e:\712雷达\712相关文件\712生产版源码\自动脉宽修正软件\（v8不连续）laseautocorrect-20190604use txt_mk 间隔包数5 显示信息优化\（v8不连续）laseautocorrect-20190404\laseautocorrect\release\pdfexport.obj
e:\712雷达\712相关文件\712生产版源码\自动脉宽修正软件\（v8不连续）laseautocorrect-20190604use txt_mk 间隔包数5 显示信息优化\（v8不连续）laseautocorrect-20190404\laseautocorrect\release\pen.obj
e:\712雷达\712相关文件\712生产版源码\自动脉宽修正软件\（v8不连续）laseautocorrect-20190604use txt_mk 间隔包数5 显示信息优化\（v8不连续）laseautocorrect-20190404\laseautocorrect\release\performancefunction.obj
e:\712雷达\712相关文件\712生产版源码\自动脉宽修正软件\（v8不连续）laseautocorrect-20190604use txt_mk 间隔包数5 显示信息优化\（v8不连续）laseautocorrect-20190404\laseautocorrect\release\pid.obj
e:\712雷达\712相关文件\712生产版源码\自动脉宽修正软件\（v8不连续）laseautocorrect-20190604use txt_mk 间隔包数5 显示信息优化\（v8不连续）laseautocorrect-20190404\laseautocorrect\release\piemarks.obj
e:\712雷达\712相关文件\712生产版源码\自动脉宽修正软件\（v8不连续）laseautocorrect-20190604use txt_mk 间隔包数5 显示信息优化\（v8不连续）laseautocorrect-20190404\laseautocorrect\release\pieotherslice.obj
e:\712雷达\712相关文件\712生产版源码\自动脉宽修正软件\（v8不连续）laseautocorrect-20190604use txt_mk 间隔包数5 显示信息优化\（v8不连续）laseautocorrect-20190404\laseautocorrect\release\pieseries.obj
e:\712雷达\712相关文件\712生产版源码\自动脉宽修正软件\（v8不连续）laseautocorrect-20190604use txt_mk 间隔包数5 显示信息优化\（v8不连续）laseautocorrect-20190404\laseautocorrect\release\pietool.obj
e:\712雷达\712相关文件\712生产版源码\自动脉宽修正软件\（v8不连续）laseautocorrect-20190604use txt_mk 间隔包数5 显示信息优化\（v8不连续）laseautocorrect-20190404\laseautocorrect\release\pngexport.obj
e:\712雷达\712相关文件\712生产版源码\自动脉宽修正软件\（v8不连续）laseautocorrect-20190604use txt_mk 间隔包数5 显示信息优化\（v8不连续）laseautocorrect-20190404\laseautocorrect\release\point3dseries.obj
e:\712雷达\712相关文件\712生产版源码\自动脉宽修正软件\（v8不连续）laseautocorrect-20190604use txt_mk 间隔包数5 显示信息优化\（v8不连续）laseautocorrect-20190404\laseautocorrect\release\pointarray.obj
e:\712雷达\712相关文件\712生产版源码\自动脉宽修正软件\（v8不连续）laseautocorrect-20190604use txt_mk 间隔包数5 显示信息优化\（v8不连续）laseautocorrect-20190404\laseautocorrect\release\pointer.obj
e:\712雷达\712相关文件\712生产版源码\自动脉宽修正软件\（v8不连续）laseautocorrect-20190604use txt_mk 间隔包数5 显示信息优化\（v8不连续）laseautocorrect-20190404\laseautocorrect\release\pointfigureseries.obj
e:\712雷达\712相关文件\712生产版源码\自动脉宽修正软件\（v8不连续）laseautocorrect-20190604use txt_mk 间隔包数5 显示信息优化\（v8不连续）laseautocorrect-20190404\laseautocorrect\release\pointseries.obj
e:\712雷达\712相关文件\712生产版源码\自动脉宽修正软件\（v8不连续）laseautocorrect-20190604use txt_mk 间隔包数5 显示信息优化\（v8不连续）laseautocorrect-20190404\laseautocorrect\release\polarbarseries.obj
e:\712雷达\712相关文件\712生产版源码\自动脉宽修正软件\（v8不连续）laseautocorrect-20190604use txt_mk 间隔包数5 显示信息优化\（v8不连续）laseautocorrect-20190404\laseautocorrect\release\polargridseries.obj
e:\712雷达\712相关文件\712生产版源码\自动脉宽修正软件\（v8不连续）laseautocorrect-20190604use txt_mk 间隔包数5 显示信息优化\（v8不连续）laseautocorrect-20190404\laseautocorrect\release\polarseries.obj
e:\712雷达\712相关文件\712生产版源码\自动脉宽修正软件\（v8不连续）laseautocorrect-20190604use txt_mk 间隔包数5 显示信息优化\（v8不连续）laseautocorrect-20190404\laseautocorrect\release\printer.obj
e:\712雷达\712相关文件\712生产版源码\自动脉宽修正软件\（v8不连续）laseautocorrect-20190604use txt_mk 间隔包数5 显示信息优化\（v8不连续）laseautocorrect-20190404\laseautocorrect\release\printersettings.obj
e:\712雷达\712相关文件\712生产版源码\自动脉宽修正软件\（v8不连续）laseautocorrect-20190604use txt_mk 间隔包数5 显示信息优化\（v8不连续）laseautocorrect-20190404\laseautocorrect\release\pvofunction.obj
e:\712雷达\712相关文件\712生产版源码\自动脉宽修正软件\（v8不连续）laseautocorrect-20190604use txt_mk 间隔包数5 显示信息优化\（v8不连续）laseautocorrect-20190404\laseautocorrect\release\pyramidseries.obj
e:\712雷达\712相关文件\712生产版源码\自动脉宽修正软件\（v8不连续）laseautocorrect-20190604use txt_mk 间隔包数5 显示信息优化\（v8不连续）laseautocorrect-20190404\laseautocorrect\release\radarseries.obj
e:\712雷达\712相关文件\712生产版源码\自动脉宽修正软件\（v8不连续）laseautocorrect-20190604use txt_mk 间隔包数5 显示信息优化\（v8不连续）laseautocorrect-20190404\laseautocorrect\release\realdisplay.obj
e:\712雷达\712相关文件\712生产版源码\自动脉宽修正软件\（v8不连续）laseautocorrect-20190604use txt_mk 间隔包数5 显示信息优化\（v8不连续）laseautocorrect-20190404\laseautocorrect\release\rectangletool.obj
e:\712雷达\712相关文件\712生产版源码\自动脉宽修正软件\（v8不连续）laseautocorrect-20190604use txt_mk 间隔包数5 显示信息优化\（v8不连续）laseautocorrect-20190404\laseautocorrect\release\renkoseries.obj
e:\712雷达\712相关文件\712生产版源码\自动脉宽修正软件\（v8不连续）laseautocorrect-20190604use txt_mk 间隔包数5 显示信息优化\（v8不连续）laseautocorrect-20190404\laseautocorrect\release\resizefilter.obj
e:\712雷达\712相关文件\712生产版源码\自动脉宽修正软件\（v8不连续）laseautocorrect-20190604use txt_mk 间隔包数5 显示信息优化\（v8不连续）laseautocorrect-20190404\laseautocorrect\release\rmsfunction.obj
e:\712雷达\712相关文件\712生产版源码\自动脉宽修正软件\（v8不连续）laseautocorrect-20190604use txt_mk 间隔包数5 显示信息优化\（v8不连续）laseautocorrect-20190404\laseautocorrect\release\rotatefilter.obj
e:\712雷达\712相关文件\712生产版源码\自动脉宽修正软件\（v8不连续）laseautocorrect-20190604use txt_mk 间隔包数5 显示信息优化\（v8不连续）laseautocorrect-20190404\laseautocorrect\release\rotatetool.obj
e:\712雷达\712相关文件\712生产版源码\自动脉宽修正软件\（v8不连续）laseautocorrect-20190604use txt_mk 间隔包数5 显示信息优化\（v8不连续）laseautocorrect-20190404\laseautocorrect\release\rsifunction.obj
e:\712雷达\712相关文件\712生产版源码\自动脉宽修正软件\（v8不连续）laseautocorrect-20190604use txt_mk 间隔包数5 显示信息优化\（v8不连续）laseautocorrect-20190404\laseautocorrect\release\sarfunction.obj
e:\712雷达\712相关文件\712生产版源码\自动脉宽修正软件\（v8不连续）laseautocorrect-20190604use txt_mk 间隔包数5 显示信息优化\（v8不连续）laseautocorrect-20190404\laseautocorrect\release\scroll.obj
e:\712雷达\712相关文件\712生产版源码\自动脉宽修正软件\（v8不连续）laseautocorrect-20190604use txt_mk 间隔包数5 显示信息优化\（v8不连续）laseautocorrect-20190404\laseautocorrect\release\scrollbarthumb.obj
e:\712雷达\712相关文件\712生产版源码\自动脉宽修正软件\（v8不连续）laseautocorrect-20190604use txt_mk 间隔包数5 显示信息优化\（v8不连续）laseautocorrect-20190404\laseautocorrect\release\selectortool.obj
e:\712雷达\712相关文件\712生产版源码\自动脉宽修正软件\（v8不连续）laseautocorrect-20190604use txt_mk 间隔包数5 显示信息优化\（v8不连续）laseautocorrect-20190404\laseautocorrect\release\serialutils.obj
e:\712雷达\712相关文件\712生产版源码\自动脉宽修正软件\（v8不连续）laseautocorrect-20190604use txt_mk 间隔包数5 显示信息优化\（v8不连续）laseautocorrect-20190404\laseautocorrect\release\series.obj
e:\712雷达\712相关文件\712生产版源码\自动脉宽修正软件\（v8不连续）laseautocorrect-20190604use txt_mk 间隔包数5 显示信息优化\（v8不连续）laseautocorrect-20190404\laseautocorrect\release\seriesanimationtool.obj
e:\712雷达\712相关文件\712生产版源码\自动脉宽修正软件\（v8不连续）laseautocorrect-20190604use txt_mk 间隔包数5 显示信息优化\（v8不连续）laseautocorrect-20190404\laseautocorrect\release\seriesbandtool.obj
e:\712雷达\712相关文件\712生产版源码\自动脉宽修正软件\（v8不连续）laseautocorrect-20190604use txt_mk 间隔包数5 显示信息优化\（v8不连续）laseautocorrect-20190404\laseautocorrect\release\seriesgroup.obj
e:\712雷达\712相关文件\712生产版源码\自动脉宽修正软件\（v8不连续）laseautocorrect-20190604use txt_mk 间隔包数5 显示信息优化\（v8不连续）laseautocorrect-20190404\laseautocorrect\release\seriesgroups.obj
e:\712雷达\712相关文件\712生产版源码\自动脉宽修正软件\（v8不连续）laseautocorrect-20190604use txt_mk 间隔包数5 显示信息优化\（v8不连续）laseautocorrect-20190404\laseautocorrect\release\serieslist.obj
e:\712雷达\712相关文件\712生产版源码\自动脉宽修正软件\（v8不连续）laseautocorrect-20190604use txt_mk 间隔包数5 显示信息优化\（v8不连续）laseautocorrect-20190404\laseautocorrect\release\seriesmarkposition.obj
e:\712雷达\712相关文件\712生产版源码\自动脉宽修正软件\（v8不连续）laseautocorrect-20190604use txt_mk 间隔包数5 显示信息优化\（v8不连续）laseautocorrect-20190404\laseautocorrect\release\seriesmarkspositions.obj
e:\712雷达\712相关文件\712生产版源码\自动脉宽修正软件\（v8不连续）laseautocorrect-20190604use txt_mk 间隔包数5 显示信息优化\（v8不连续）laseautocorrect-20190404\laseautocorrect\release\seriesregiontool.obj
e:\712雷达\712相关文件\712生产版源码\自动脉宽修正软件\（v8不连续）laseautocorrect-20190604use txt_mk 间隔包数5 显示信息优化\（v8不连续）laseautocorrect-20190404\laseautocorrect\release\seriesstatstool.obj
e:\712雷达\712相关文件\712生产版源码\自动脉宽修正软件\（v8不连续）laseautocorrect-20190604use txt_mk 间隔包数5 显示信息优化\（v8不连续）laseautocorrect-20190404\laseautocorrect\release\shapeseries.obj
e:\712雷达\712相关文件\712生产版源码\自动脉宽修正软件\（v8不连续）laseautocorrect-20190604use txt_mk 间隔包数5 显示信息优化\（v8不连续）laseautocorrect-20190404\laseautocorrect\release\sharpenfilter.obj
e:\712雷达\712相关文件\712生产版源码\自动脉宽修正软件\（v8不连续）laseautocorrect-20190604use txt_mk 间隔包数5 显示信息优化\（v8不连续）laseautocorrect-20190404\laseautocorrect\release\smithseries.obj
e:\712雷达\712相关文件\712生产版源码\自动脉宽修正软件\（v8不连续）laseautocorrect-20190604use txt_mk 间隔包数5 显示信息优化\（v8不连续）laseautocorrect-20190404\laseautocorrect\release\smoothingfunction.obj
e:\712雷达\712相关文件\712生产版源码\自动脉宽修正软件\（v8不连续）laseautocorrect-20190604use txt_mk 间隔包数5 显示信息优化\（v8不连续）laseautocorrect-20190404\laseautocorrect\release\smoothpoints.obj
e:\712雷达\712相关文件\712生产版源码\自动脉宽修正软件\（v8不连续）laseautocorrect-20190604use txt_mk 间隔包数5 显示信息优化\（v8不连续）laseautocorrect-20190404\laseautocorrect\release\softenfilter.obj
e:\712雷达\712相关文件\712生产版源码\自动脉宽修正软件\（v8不连续）laseautocorrect-20190604use txt_mk 间隔包数5 显示信息优化\（v8不连续）laseautocorrect-20190404\laseautocorrect\release\spacing.obj
e:\712雷达\712相关文件\712生产版源码\自动脉宽修正软件\（v8不连续）laseautocorrect-20190604use txt_mk 间隔包数5 显示信息优化\（v8不连续）laseautocorrect-20190404\laseautocorrect\release\stdafx.obj
e:\712雷达\712相关文件\712生产版源码\自动脉宽修正软件\（v8不连续）laseautocorrect-20190604use txt_mk 间隔包数5 显示信息优化\（v8不连续）laseautocorrect-20190404\laseautocorrect\release\stddeviationfunction.obj
e:\712雷达\712相关文件\712生产版源码\自动脉宽修正软件\（v8不连续）laseautocorrect-20190604use txt_mk 间隔包数5 显示信息优化\（v8不连续）laseautocorrect-20190404\laseautocorrect\release\strings.obj
e:\712雷达\712相关文件\712生产版源码\自动脉宽修正软件\（v8不连续）laseautocorrect-20190604use txt_mk 间隔包数5 显示信息优化\（v8不连续）laseautocorrect-20190404\laseautocorrect\release\subgradient.obj
e:\712雷达\712相关文件\712生产版源码\自动脉宽修正软件\（v8不连续）laseautocorrect-20190604use txt_mk 间隔包数5 显示信息优化\（v8不连续）laseautocorrect-20190404\laseautocorrect\release\subsetteefunction.obj
e:\712雷达\712相关文件\712生产版源码\自动脉宽修正软件\（v8不连续）laseautocorrect-20190604use txt_mk 间隔包数5 显示信息优化\（v8不连续）laseautocorrect-20190404\laseautocorrect\release\surfacenearesttool.obj
e:\712雷达\712相关文件\712生产版源码\自动脉宽修正软件\（v8不连续）laseautocorrect-20190604use txt_mk 间隔包数5 显示信息优化\（v8不连续）laseautocorrect-20190404\laseautocorrect\release\surfaceseries.obj
e:\712雷达\712相关文件\712生产版源码\自动脉宽修正软件\（v8不连续）laseautocorrect-20190604use txt_mk 间隔包数5 显示信息优化\（v8不连续）laseautocorrect-20190404\laseautocorrect\release\surfacesides.obj
e:\712雷达\712相关文件\712生产版源码\自动脉宽修正软件\（v8不连续）laseautocorrect-20190604use txt_mk 间隔包数5 显示信息优化\（v8不连续）laseautocorrect-20190404\laseautocorrect\release\svgexport.obj
e:\712雷达\712相关文件\712生产版源码\自动脉宽修正软件\（v8不连续）laseautocorrect-20190604use txt_mk 间隔包数5 显示信息优化\（v8不连续）laseautocorrect-20190404\laseautocorrect\release\tablelegend.obj
e:\712雷达\712相关文件\712生产版源码\自动脉宽修正软件\（v8不连续）laseautocorrect-20190604use txt_mk 间隔包数5 显示信息优化\（v8不连续）laseautocorrect-20190404\laseautocorrect\release\tagcloudseries.obj
e:\712雷达\712相关文件\712生产版源码\自动脉宽修正软件\（v8不连续）laseautocorrect-20190604use txt_mk 间隔包数5 显示信息优化\（v8不连续）laseautocorrect-20190404\laseautocorrect\release\tchart.obj
e:\712雷达\712相关文件\712生产版源码\自动脉宽修正软件\（v8不连续）laseautocorrect-20190604use txt_mk 间隔包数5 显示信息优化\（v8不连续）laseautocorrect-20190404\laseautocorrect\release\teecustomshape.obj
e:\712雷达\712相关文件\712生产版源码\自动脉宽修正软件\（v8不连续）laseautocorrect-20190604use txt_mk 间隔包数5 显示信息优化\（v8不连续）laseautocorrect-20190404\laseautocorrect\release\teefilter.obj
e:\712雷达\712相关文件\712生产版源码\自动脉宽修正软件\（v8不连续）laseautocorrect-20190604use txt_mk 间隔包数5 显示信息优化\（v8不连续）laseautocorrect-20190404\laseautocorrect\release\teefont.obj
e:\712雷达\712相关文件\712生产版源码\自动脉宽修正软件\（v8不连续）laseautocorrect-20190604use txt_mk 间隔包数5 显示信息优化\（v8不连续）laseautocorrect-20190404\laseautocorrect\release\teefunction.obj
e:\712雷达\712相关文件\712生产版源码\自动脉宽修正软件\（v8不连续）laseautocorrect-20190604use txt_mk 间隔包数5 显示信息优化\（v8不连续）laseautocorrect-20190404\laseautocorrect\release\teeopengl.obj
e:\712雷达\712相关文件\712生产版源码\自动脉宽修正软件\（v8不连续）laseautocorrect-20190604use txt_mk 间隔包数5 显示信息优化\（v8不连续）laseautocorrect-20190404\laseautocorrect\release\teepicture.obj
e:\712雷达\712相关文件\712生产版源码\自动脉宽修正软件\（v8不连续）laseautocorrect-20190604use txt_mk 间隔包数5 显示信息优化\（v8不连续）laseautocorrect-20190404\laseautocorrect\release\teepoint2d.obj
e:\712雷达\712相关文件\712生产版源码\自动脉宽修正软件\（v8不连续）laseautocorrect-20190604use txt_mk 间隔包数5 显示信息优化\（v8不连续）laseautocorrect-20190404\laseautocorrect\release\teepoint3d.obj
e:\712雷达\712相关文件\712生产版源码\自动脉宽修正软件\（v8不连续）laseautocorrect-20190604use txt_mk 间隔包数5 显示信息优化\（v8不连续）laseautocorrect-20190404\laseautocorrect\release\teerect.obj
e:\712雷达\712相关文件\712生产版源码\自动脉宽修正软件\（v8不连续）laseautocorrect-20190604use txt_mk 间隔包数5 显示信息优化\（v8不连续）laseautocorrect-20190404\laseautocorrect\release\teeshadow.obj
e:\712雷达\712相关文件\712生产版源码\自动脉宽修正软件\（v8不连续）laseautocorrect-20190604use txt_mk 间隔包数5 显示信息优化\（v8不连续）laseautocorrect-20190404\laseautocorrect\release\teeshape.obj
e:\712雷达\712相关文件\712生产版源码\自动脉宽修正软件\（v8不连续）laseautocorrect-20190604use txt_mk 间隔包数5 显示信息优化\（v8不连续）laseautocorrect-20190404\laseautocorrect\release\teeshapepanel.obj
e:\712雷达\712相关文件\712生产版源码\自动脉宽修正软件\（v8不连续）laseautocorrect-20190604use txt_mk 间隔包数5 显示信息优化\（v8不连续）laseautocorrect-20190404\laseautocorrect\release\text3dtool.obj
e:\712雷达\712相关文件\712生产版源码\自动脉宽修正软件\（v8不连续）laseautocorrect-20190604use txt_mk 间隔包数5 显示信息优化\（v8不连续）laseautocorrect-20190404\laseautocorrect\release\textexport.obj
e:\712雷达\712相关文件\712生产版源码\自动脉宽修正软件\（v8不连续）laseautocorrect-20190604use txt_mk 间隔包数5 显示信息优化\（v8不连续）laseautocorrect-20190404\laseautocorrect\release\tilefilter.obj
e:\712雷达\712相关文件\712生产版源码\自动脉宽修正软件\（v8不连续）laseautocorrect-20190604use txt_mk 间隔包数5 显示信息优化\（v8不连续）laseautocorrect-20190404\laseautocorrect\release\titles.obj
e:\712雷达\712相关文件\712生产版源码\自动脉宽修正软件\（v8不连续）laseautocorrect-20190604use txt_mk 间隔包数5 显示信息优化\（v8不连续）laseautocorrect-20190404\laseautocorrect\release\toollist.obj
e:\712雷达\712相关文件\712生产版源码\自动脉宽修正软件\（v8不连续）laseautocorrect-20190604use txt_mk 间隔包数5 显示信息优化\（v8不连续）laseautocorrect-20190404\laseautocorrect\release\tools.obj
e:\712雷达\712相关文件\712生产版源码\自动脉宽修正软件\（v8不连续）laseautocorrect-20190604use txt_mk 间隔包数5 显示信息优化\（v8不连续）laseautocorrect-20190404\laseautocorrect\release\towerseries.obj
e:\712雷达\712相关文件\712生产版源码\自动脉宽修正软件\（v8不连续）laseautocorrect-20190604use txt_mk 间隔包数5 显示信息优化\（v8不连续）laseautocorrect-20190404\laseautocorrect\release\transposeseriestool.obj
e:\712雷达\712相关文件\712生产版源码\自动脉宽修正软件\（v8不连续）laseautocorrect-20190604use txt_mk 间隔包数5 显示信息优化\（v8不连续）laseautocorrect-20190404\laseautocorrect\release\trendfunction.obj
e:\712雷达\712相关文件\712生产版源码\自动脉宽修正软件\（v8不连续）laseautocorrect-20190604use txt_mk 间隔包数5 显示信息优化\（v8不连续）laseautocorrect-20190404\laseautocorrect\release\trisurfaceseries.obj
e:\712雷达\712相关文件\712生产版源码\自动脉宽修正软件\（v8不连续）laseautocorrect-20190604use txt_mk 间隔包数5 显示信息优化\（v8不连续）laseautocorrect-20190404\laseautocorrect\release\valuelist.obj
e:\712雷达\712相关文件\712生产版源码\自动脉宽修正软件\（v8不连续）laseautocorrect-20190604use txt_mk 间隔包数5 显示信息优化\（v8不连续）laseautocorrect-20190404\laseautocorrect\release\valuelists.obj
e:\712雷达\712相关文件\712生产版源码\自动脉宽修正软件\（v8不连续）laseautocorrect-20190604use txt_mk 间隔包数5 显示信息优化\（v8不连续）laseautocorrect-20190404\laseautocorrect\release\vector3dseries.obj
e:\712雷达\712相关文件\712生产版源码\自动脉宽修正软件\（v8不连续）laseautocorrect-20190604use txt_mk 间隔包数5 显示信息优化\（v8不连续）laseautocorrect-20190404\laseautocorrect\release\videoplayertool.obj
e:\712雷达\712相关文件\712生产版源码\自动脉宽修正软件\（v8不连续）laseautocorrect-20190604use txt_mk 间隔包数5 显示信息优化\（v8不连续）laseautocorrect-20190404\laseautocorrect\release\videotool.obj
e:\712雷达\712相关文件\712生产版源码\自动脉宽修正软件\（v8不连续）laseautocorrect-20190604use txt_mk 间隔包数5 显示信息优化\（v8不连续）laseautocorrect-20190404\laseautocorrect\release\volumepipeseries.obj
e:\712雷达\712相关文件\712生产版源码\自动脉宽修正软件\（v8不连续）laseautocorrect-20190604use txt_mk 间隔包数5 显示信息优化\（v8不连续）laseautocorrect-20190404\laseautocorrect\release\volumeseries.obj
e:\712雷达\712相关文件\712生产版源码\自动脉宽修正软件\（v8不连续）laseautocorrect-20190604use txt_mk 间隔包数5 显示信息优化\（v8不连续）laseautocorrect-20190404\laseautocorrect\release\wall.obj
e:\712雷达\712相关文件\712生产版源码\自动脉宽修正软件\（v8不连续）laseautocorrect-20190604use txt_mk 间隔包数5 显示信息优化\（v8不连续）laseautocorrect-20190404\laseautocorrect\release\walls.obj
e:\712雷达\712相关文件\712生产版源码\自动脉宽修正软件\（v8不连续）laseautocorrect-20190604use txt_mk 间隔包数5 显示信息优化\（v8不连续）laseautocorrect-20190404\laseautocorrect\release\waterfallseries.obj
e:\712雷达\712相关文件\712生产版源码\自动脉宽修正软件\（v8不连续）laseautocorrect-20190604use txt_mk 间隔包数5 显示信息优化\（v8不连续）laseautocorrect-20190404\laseautocorrect\release\windroseseries.obj
e:\712雷达\712相关文件\712生产版源码\自动脉宽修正软件\（v8不连续）laseautocorrect-20190604use txt_mk 间隔包数5 显示信息优化\（v8不连续）laseautocorrect-20190404\laseautocorrect\release\worldseries.obj
e:\712雷达\712相关文件\712生产版源码\自动脉宽修正软件\（v8不连续）laseautocorrect-20190604use txt_mk 间隔包数5 显示信息优化\（v8不连续）laseautocorrect-20190404\laseautocorrect\release\xamlexport.obj
e:\712雷达\712相关文件\712生产版源码\自动脉宽修正软件\（v8不连续）laseautocorrect-20190604use txt_mk 间隔包数5 显示信息优化\（v8不连续）laseautocorrect-20190404\laseautocorrect\release\xlsexport.obj
e:\712雷达\712相关文件\712生产版源码\自动脉宽修正软件\（v8不连续）laseautocorrect-20190604use txt_mk 间隔包数5 显示信息优化\（v8不连续）laseautocorrect-20190404\laseautocorrect\release\xmlexport.obj
e:\712雷达\712相关文件\712生产版源码\自动脉宽修正软件\（v8不连续）laseautocorrect-20190604use txt_mk 间隔包数5 显示信息优化\（v8不连续）laseautocorrect-20190404\laseautocorrect\release\zoom.obj
e:\712雷达\712相关文件\712生产版源码\自动脉宽修正软件\（v8不连续）laseautocorrect-20190604use txt_mk 间隔包数5 显示信息优化\（v8不连续）laseautocorrect-20190404\laseautocorrect\release\zoomfilter.obj
e:\712雷达\712相关文件\712生产版源码\自动脉宽修正软件\（v8不连续）laseautocorrect-20190604use txt_mk 间隔包数5 显示信息优化\（v8不连续）laseautocorrect-20190404\laseautocorrect\release\msado15.tli
e:\712雷达\712相关文件\712生产版源码\自动脉宽修正软件\（v8不连续）laseautocorrect-20190604use txt_mk 间隔包数5 显示信息优化\（v8不连续）laseautocorrect-20190404\laseautocorrect\release\msado15.tlh
e:\712雷达\712相关文件\712生产版源码\自动脉宽修正软件\（v8不连续）laseautocorrect-20190604use txt_mk 间隔包数5 显示信息优化\（v8不连续）laseautocorrect-20190404\laseautocorrect\release\laseautocorrect.res
e:\712雷达\712相关文件\712生产版源码\自动脉宽修正软件\（v8不连续）laseautocorrect-20190604use txt_mk 间隔包数5 显示信息优化\（v8不连续）laseautocorrect-20190404\laseautocorrect\release\laseautocorrect.pch
e:\712雷达\712相关文件\712生产版源码\自动脉宽修正软件\（v8不连续）laseautocorrect-20190604use txt_mk 间隔包数5 显示信息优化\（v8不连续）laseautocorrect-20190404\laseautocorrect\release\vc120.pdb
e:\712雷达\712相关文件\712生产版源码\自动脉宽修正软件\（v8不连续）laseautocorrect-20190604use txt_mk 间隔包数5 显示信息优化\（v8不连续）laseautocorrect-20190404\release\laseautocorrect.pdb
e:\712雷达\712相关文件\712生产版源码\自动脉宽修正软件\（v8不连续）laseautocorrect-20190604use txt_mk 间隔包数5 显示信息优化\（v8不连续）laseautocorrect-20190404\release\laseautocorrect.exe
